white A played e2e3
  Board A            Board B 
  -----------------  -----------------
8 |♖|♘|♗|♕|♔|♗|♘|♖|  |♖|♘|♗|♕|♔|♗|♘|♖|
  -----------------  -----------------
7 |♙|♙|♙|♙|♙|♙|♙|♙|  |♙|♙|♙|♙|♙|♙|♙|♙|
  -----------------  -----------------
6 |·|·|·|·|·|·|·|·|  |·|·|·|·|·|·|·|·|
  -----------------  -----------------
5 |·|·|·|·|·|·|·|·|  |·|·|·|·|·|·|·|·|
  -----------------  -----------------
4 |·|·|·|·|·|·|·|·|  |·|·|·|·|·|·|·|·|
  -----------------  -----------------
3 |·|·|·|·|♟|·|·|·|  |·|·|·|·|·|·|·|·|
  -----------------  -----------------
2 |♟|♟|♟|♟|·|♟|♟|♟|  |♟|♟|♟|♟|♟|♟|♟|♟|
  -----------------  -----------------
1 |♜|♞|♝|♛|♚|♝|♞|♜|  |♜|♞|♝|♛|♚|♝|♞|♜|
  -----------------  -----------------
   a b c d e f g h    a b c d e f g h
white A pocket: []
white B pocket: []
black A pocket: []
black B pocket: []


white B played e2e3
  Board A            Board B 
  -----------------  -----------------
8 |♖|♘|♗|♕|♔|♗|♘|♖|  |♖|♘|♗|♕|♔|♗|♘|♖|
  -----------------  -----------------
7 |♙|♙|♙|♙|♙|♙|♙|♙|  |♙|♙|♙|♙|♙|♙|♙|♙|
  -----------------  -----------------
6 |·|·|·|·|·|·|·|·|  |·|·|·|·|·|·|·|·|
  -----------------  -----------------
5 |·|·|·|·|·|·|·|·|  |·|·|·|·|·|·|·|·|
  -----------------  -----------------
4 |·|·|·|·|·|·|·|·|  |·|·|·|·|·|·|·|·|
  -----------------  -----------------
3 |·|·|·|·|♟|·|·|·|  |·|·|·|·|♟|·|·|·|
  -----------------  -----------------
2 |♟|♟|♟|♟|·|♟|♟|♟|  |♟|♟|♟|♟|·|♟|♟|♟|
  -----------------  -----------------
1 |♜|♞|♝|♛|♚|♝|♞|♜|  |♜|♞|♝|♛|♚|♝|♞|♜|
  -----------------  -----------------
   a b c d e f g h    a b c d e f g h
white A pocket: []
white B pocket: []
black A pocket: []
black B pocket: []


black A played g8f6
  Board A            Board B 
  -----------------  -----------------
8 |♖|♘|♗|♕|♔|♗|·|♖|  |♖|♘|♗|♕|♔|♗|♘|♖|
  -----------------  -----------------
7 |♙|♙|♙|♙|♙|♙|♙|♙|  |♙|♙|♙|♙|♙|♙|♙|♙|
  -----------------  -----------------
6 |·|·|·|·|·|♘|·|·|  |·|·|·|·|·|·|·|·|
  -----------------  -----------------
5 |·|·|·|·|·|·|·|·|  |·|·|·|·|·|·|·|·|
  -----------------  -----------------
4 |·|·|·|·|·|·|·|·|  |·|·|·|·|·|·|·|·|
  -----------------  -----------------
3 |·|·|·|·|♟|·|·|·|  |·|·|·|·|♟|·|·|·|
  -----------------  -----------------
2 |♟|♟|♟|♟|·|♟|♟|♟|  |♟|♟|♟|♟|·|♟|♟|♟|
  -----------------  -----------------
1 |♜|♞|♝|♛|♚|♝|♞|♜|  |♜|♞|♝|♛|♚|♝|♞|♜|
  -----------------  -----------------
   a b c d e f g h    a b c d e f g h
white A pocket: []
white B pocket: []
black A pocket: []
black B pocket: []


black B played g8f6
  Board A            Board B 
  -----------------  -----------------
8 |♖|♘|♗|♕|♔|♗|·|♖|  |♖|♘|♗|♕|♔|♗|·|♖|
  -----------------  -----------------
7 |♙|♙|♙|♙|♙|♙|♙|♙|  |♙|♙|♙|♙|♙|♙|♙|♙|
  -----------------  -----------------
6 |·|·|·|·|·|♘|·|·|  |·|·|·|·|·|♘|·|·|
  -----------------  -----------------
5 |·|·|·|·|·|·|·|·|  |·|·|·|·|·|·|·|·|
  -----------------  -----------------
4 |·|·|·|·|·|·|·|·|  |·|·|·|·|·|·|·|·|
  -----------------  -----------------
3 |·|·|·|·|♟|·|·|·|  |·|·|·|·|♟|·|·|·|
  -----------------  -----------------
2 |♟|♟|♟|♟|·|♟|♟|♟|  |♟|♟|♟|♟|·|♟|♟|♟|
  -----------------  -----------------
1 |♜|♞|♝|♛|♚|♝|♞|♜|  |♜|♞|♝|♛|♚|♝|♞|♜|
  -----------------  -----------------
   a b c d e f g h    a b c d e f g h
white A pocket: []
white B pocket: []
black A pocket: []
black B pocket: []


white A played b1c3
  Board A            Board B 
  -----------------  -----------------
8 |♖|♘|♗|♕|♔|♗|·|♖|  |♖|♘|♗|♕|♔|♗|·|♖|
  -----------------  -----------------
7 |♙|♙|♙|♙|♙|♙|♙|♙|  |♙|♙|♙|♙|♙|♙|♙|♙|
  -----------------  -----------------
6 |·|·|·|·|·|♘|·|·|  |·|·|·|·|·|♘|·|·|
  -----------------  -----------------
5 |·|·|·|·|·|·|·|·|  |·|·|·|·|·|·|·|·|
  -----------------  -----------------
4 |·|·|·|·|·|·|·|·|  |·|·|·|·|·|·|·|·|
  -----------------  -----------------
3 |·|·|♞|·|♟|·|·|·|  |·|·|·|·|♟|·|·|·|
  -----------------  -----------------
2 |♟|♟|♟|♟|·|♟|♟|♟|  |♟|♟|♟|♟|·|♟|♟|♟|
  -----------------  -----------------
1 |♜|·|♝|♛|♚|♝|♞|♜|  |♜|♞|♝|♛|♚|♝|♞|♜|
  -----------------  -----------------
   a b c d e f g h    a b c d e f g h
white A pocket: []
white B pocket: []
black A pocket: []
black B pocket: []


white B played b1c3
  Board A            Board B 
  -----------------  -----------------
8 |♖|♘|♗|♕|♔|♗|·|♖|  |♖|♘|♗|♕|♔|♗|·|♖|
  -----------------  -----------------
7 |♙|♙|♙|♙|♙|♙|♙|♙|  |♙|♙|♙|♙|♙|♙|♙|♙|
  -----------------  -----------------
6 |·|·|·|·|·|♘|·|·|  |·|·|·|·|·|♘|·|·|
  -----------------  -----------------
5 |·|·|·|·|·|·|·|·|  |·|·|·|·|·|·|·|·|
  -----------------  -----------------
4 |·|·|·|·|·|·|·|·|  |·|·|·|·|·|·|·|·|
  -----------------  -----------------
3 |·|·|♞|·|♟|·|·|·|  |·|·|♞|·|♟|·|·|·|
  -----------------  -----------------
2 |♟|♟|♟|♟|·|♟|♟|♟|  |♟|♟|♟|♟|·|♟|♟|♟|
  -----------------  -----------------
1 |♜|·|♝|♛|♚|♝|♞|♜|  |♜|·|♝|♛|♚|♝|♞|♜|
  -----------------  -----------------
   a b c d e f g h    a b c d e f g h
white A pocket: []
white B pocket: []
black A pocket: []
black B pocket: []


black A played e7e5
  Board A            Board B 
  -----------------  -----------------
8 |♖|♘|♗|♕|♔|♗|·|♖|  |♖|♘|♗|♕|♔|♗|·|♖|
  -----------------  -----------------
7 |♙|♙|♙|♙|·|♙|♙|♙|  |♙|♙|♙|♙|♙|♙|♙|♙|
  -----------------  -----------------
6 |·|·|·|·|·|♘|·|·|  |·|·|·|·|·|♘|·|·|
  -----------------  -----------------
5 |·|·|·|·|♙|·|·|·|  |·|·|·|·|·|·|·|·|
  -----------------  -----------------
4 |·|·|·|·|·|·|·|·|  |·|·|·|·|·|·|·|·|
  -----------------  -----------------
3 |·|·|♞|·|♟|·|·|·|  |·|·|♞|·|♟|·|·|·|
  -----------------  -----------------
2 |♟|♟|♟|♟|·|♟|♟|♟|  |♟|♟|♟|♟|·|♟|♟|♟|
  -----------------  -----------------
1 |♜|·|♝|♛|♚|♝|♞|♜|  |♜|·|♝|♛|♚|♝|♞|♜|
  -----------------  -----------------
   a b c d e f g h    a b c d e f g h
white A pocket: []
white B pocket: []
black A pocket: []
black B pocket: []


black B played e7e5
  Board A            Board B 
  -----------------  -----------------
8 |♖|♘|♗|♕|♔|♗|·|♖|  |♖|♘|♗|♕|♔|♗|·|♖|
  -----------------  -----------------
7 |♙|♙|♙|♙|·|♙|♙|♙|  |♙|♙|♙|♙|·|♙|♙|♙|
  -----------------  -----------------
6 |·|·|·|·|·|♘|·|·|  |·|·|·|·|·|♘|·|·|
  -----------------  -----------------
5 |·|·|·|·|♙|·|·|·|  |·|·|·|·|♙|·|·|·|
  -----------------  -----------------
4 |·|·|·|·|·|·|·|·|  |·|·|·|·|·|·|·|·|
  -----------------  -----------------
3 |·|·|♞|·|♟|·|·|·|  |·|·|♞|·|♟|·|·|·|
  -----------------  -----------------
2 |♟|♟|♟|♟|·|♟|♟|♟|  |♟|♟|♟|♟|·|♟|♟|♟|
  -----------------  -----------------
1 |♜|·|♝|♛|♚|♝|♞|♜|  |♜|·|♝|♛|♚|♝|♞|♜|
  -----------------  -----------------
   a b c d e f g h    a b c d e f g h
white A pocket: []
white B pocket: []
black A pocket: []
black B pocket: []


white A played g1f3
  Board A            Board B 
  -----------------  -----------------
8 |♖|♘|♗|♕|♔|♗|·|♖|  |♖|♘|♗|♕|♔|♗|·|♖|
  -----------------  -----------------
7 |♙|♙|♙|♙|·|♙|♙|♙|  |♙|♙|♙|♙|·|♙|♙|♙|
  -----------------  -----------------
6 |·|·|·|·|·|♘|·|·|  |·|·|·|·|·|♘|·|·|
  -----------------  -----------------
5 |·|·|·|·|♙|·|·|·|  |·|·|·|·|♙|·|·|·|
  -----------------  -----------------
4 |·|·|·|·|·|·|·|·|  |·|·|·|·|·|·|·|·|
  -----------------  -----------------
3 |·|·|♞|·|♟|♞|·|·|  |·|·|♞|·|♟|·|·|·|
  -----------------  -----------------
2 |♟|♟|♟|♟|·|♟|♟|♟|  |♟|♟|♟|♟|·|♟|♟|♟|
  -----------------  -----------------
1 |♜|·|♝|♛|♚|♝|·|♜|  |♜|·|♝|♛|♚|♝|♞|♜|
  -----------------  -----------------
   a b c d e f g h    a b c d e f g h
white A pocket: []
white B pocket: []
black A pocket: []
black B pocket: []


white B played g1f3
  Board A            Board B 
  -----------------  -----------------
8 |♖|♘|♗|♕|♔|♗|·|♖|  |♖|♘|♗|♕|♔|♗|·|♖|
  -----------------  -----------------
7 |♙|♙|♙|♙|·|♙|♙|♙|  |♙|♙|♙|♙|·|♙|♙|♙|
  -----------------  -----------------
6 |·|·|·|·|·|♘|·|·|  |·|·|·|·|·|♘|·|·|
  -----------------  -----------------
5 |·|·|·|·|♙|·|·|·|  |·|·|·|·|♙|·|·|·|
  -----------------  -----------------
4 |·|·|·|·|·|·|·|·|  |·|·|·|·|·|·|·|·|
  -----------------  -----------------
3 |·|·|♞|·|♟|♞|·|·|  |·|·|♞|·|♟|♞|·|·|
  -----------------  -----------------
2 |♟|♟|♟|♟|·|♟|♟|♟|  |♟|♟|♟|♟|·|♟|♟|♟|
  -----------------  -----------------
1 |♜|·|♝|♛|♚|♝|·|♜|  |♜|·|♝|♛|♚|♝|·|♜|
  -----------------  -----------------
   a b c d e f g h    a b c d e f g h
white A pocket: []
white B pocket: []
black A pocket: []
black B pocket: []


black A played e5e4
  Board A            Board B 
  -----------------  -----------------
8 |♖|♘|♗|♕|♔|♗|·|♖|  |♖|♘|♗|♕|♔|♗|·|♖|
  -----------------  -----------------
7 |♙|♙|♙|♙|·|♙|♙|♙|  |♙|♙|♙|♙|·|♙|♙|♙|
  -----------------  -----------------
6 |·|·|·|·|·|♘|·|·|  |·|·|·|·|·|♘|·|·|
  -----------------  -----------------
5 |·|·|·|·|·|·|·|·|  |·|·|·|·|♙|·|·|·|
  -----------------  -----------------
4 |·|·|·|·|♙|·|·|·|  |·|·|·|·|·|·|·|·|
  -----------------  -----------------
3 |·|·|♞|·|♟|♞|·|·|  |·|·|♞|·|♟|♞|·|·|
  -----------------  -----------------
2 |♟|♟|♟|♟|·|♟|♟|♟|  |♟|♟|♟|♟|·|♟|♟|♟|
  -----------------  -----------------
1 |♜|·|♝|♛|♚|♝|·|♜|  |♜|·|♝|♛|♚|♝|·|♜|
  -----------------  -----------------
   a b c d e f g h    a b c d e f g h
white A pocket: []
white B pocket: []
black A pocket: []
black B pocket: []


black B played e5e4
  Board A            Board B 
  -----------------  -----------------
8 |♖|♘|♗|♕|♔|♗|·|♖|  |♖|♘|♗|♕|♔|♗|·|♖|
  -----------------  -----------------
7 |♙|♙|♙|♙|·|♙|♙|♙|  |♙|♙|♙|♙|·|♙|♙|♙|
  -----------------  -----------------
6 |·|·|·|·|·|♘|·|·|  |·|·|·|·|·|♘|·|·|
  -----------------  -----------------
5 |·|·|·|·|·|·|·|·|  |·|·|·|·|·|·|·|·|
  -----------------  -----------------
4 |·|·|·|·|♙|·|·|·|  |·|·|·|·|♙|·|·|·|
  -----------------  -----------------
3 |·|·|♞|·|♟|♞|·|·|  |·|·|♞|·|♟|♞|·|·|
  -----------------  -----------------
2 |♟|♟|♟|♟|·|♟|♟|♟|  |♟|♟|♟|♟|·|♟|♟|♟|
  -----------------  -----------------
1 |♜|·|♝|♛|♚|♝|·|♜|  |♜|·|♝|♛|♚|♝|·|♜|
  -----------------  -----------------
   a b c d e f g h    a b c d e f g h
white A pocket: []
white B pocket: []
black A pocket: []
black B pocket: []


white A played f3g5
  Board A            Board B 
  -----------------  -----------------
8 |♖|♘|♗|♕|♔|♗|·|♖|  |♖|♘|♗|♕|♔|♗|·|♖|
  -----------------  -----------------
7 |♙|♙|♙|♙|·|♙|♙|♙|  |♙|♙|♙|♙|·|♙|♙|♙|
  -----------------  -----------------
6 |·|·|·|·|·|♘|·|·|  |·|·|·|·|·|♘|·|·|
  -----------------  -----------------
5 |·|·|·|·|·|·|♞|·|  |·|·|·|·|·|·|·|·|
  -----------------  -----------------
4 |·|·|·|·|♙|·|·|·|  |·|·|·|·|♙|·|·|·|
  -----------------  -----------------
3 |·|·|♞|·|♟|·|·|·|  |·|·|♞|·|♟|♞|·|·|
  -----------------  -----------------
2 |♟|♟|♟|♟|·|♟|♟|♟|  |♟|♟|♟|♟|·|♟|♟|♟|
  -----------------  -----------------
1 |♜|·|♝|♛|♚|♝|·|♜|  |♜|·|♝|♛|♚|♝|·|♜|
  -----------------  -----------------
   a b c d e f g h    a b c d e f g h
white A pocket: []
white B pocket: []
black A pocket: []
black B pocket: []


white B played f3g5
  Board A            Board B 
  -----------------  -----------------
8 |♖|♘|♗|♕|♔|♗|·|♖|  |♖|♘|♗|♕|♔|♗|·|♖|
  -----------------  -----------------
7 |♙|♙|♙|♙|·|♙|♙|♙|  |♙|♙|♙|♙|·|♙|♙|♙|
  -----------------  -----------------
6 |·|·|·|·|·|♘|·|·|  |·|·|·|·|·|♘|·|·|
  -----------------  -----------------
5 |·|·|·|·|·|·|♞|·|  |·|·|·|·|·|·|♞|·|
  -----------------  -----------------
4 |·|·|·|·|♙|·|·|·|  |·|·|·|·|♙|·|·|·|
  -----------------  -----------------
3 |·|·|♞|·|♟|·|·|·|  |·|·|♞|·|♟|·|·|·|
  -----------------  -----------------
2 |♟|♟|♟|♟|·|♟|♟|♟|  |♟|♟|♟|♟|·|♟|♟|♟|
  -----------------  -----------------
1 |♜|·|♝|♛|♚|♝|·|♜|  |♜|·|♝|♛|♚|♝|·|♜|
  -----------------  -----------------
   a b c d e f g h    a b c d e f g h
white A pocket: []
white B pocket: []
black A pocket: []
black B pocket: []


black A played d7d5
  Board A            Board B 
  -----------------  -----------------
8 |♖|♘|♗|♕|♔|♗|·|♖|  |♖|♘|♗|♕|♔|♗|·|♖|
  -----------------  -----------------
7 |♙|♙|♙|·|·|♙|♙|♙|  |♙|♙|♙|♙|·|♙|♙|♙|
  -----------------  -----------------
6 |·|·|·|·|·|♘|·|·|  |·|·|·|·|·|♘|·|·|
  -----------------  -----------------
5 |·|·|·|♙|·|·|♞|·|  |·|·|·|·|·|·|♞|·|
  -----------------  -----------------
4 |·|·|·|·|♙|·|·|·|  |·|·|·|·|♙|·|·|·|
  -----------------  -----------------
3 |·|·|♞|·|♟|·|·|·|  |·|·|♞|·|♟|·|·|·|
  -----------------  -----------------
2 |♟|♟|♟|♟|·|♟|♟|♟|  |♟|♟|♟|♟|·|♟|♟|♟|
  -----------------  -----------------
1 |♜|·|♝|♛|♚|♝|·|♜|  |♜|·|♝|♛|♚|♝|·|♜|
  -----------------  -----------------
   a b c d e f g h    a b c d e f g h
white A pocket: []
white B pocket: []
black A pocket: []
black B pocket: []


black B played d7d5
  Board A            Board B 
  -----------------  -----------------
8 |♖|♘|♗|♕|♔|♗|·|♖|  |♖|♘|♗|♕|♔|♗|·|♖|
  -----------------  -----------------
7 |♙|♙|♙|·|·|♙|♙|♙|  |♙|♙|♙|·|·|♙|♙|♙|
  -----------------  -----------------
6 |·|·|·|·|·|♘|·|·|  |·|·|·|·|·|♘|·|·|
  -----------------  -----------------
5 |·|·|·|♙|·|·|♞|·|  |·|·|·|♙|·|·|♞|·|
  -----------------  -----------------
4 |·|·|·|·|♙|·|·|·|  |·|·|·|·|♙|·|·|·|
  -----------------  -----------------
3 |·|·|♞|·|♟|·|·|·|  |·|·|♞|·|♟|·|·|·|
  -----------------  -----------------
2 |♟|♟|♟|♟|·|♟|♟|♟|  |♟|♟|♟|♟|·|♟|♟|♟|
  -----------------  -----------------
1 |♜|·|♝|♛|♚|♝|·|♜|  |♜|·|♝|♛|♚|♝|·|♜|
  -----------------  -----------------
   a b c d e f g h    a b c d e f g h
white A pocket: []
white B pocket: []
black A pocket: []
black B pocket: []


white A played d2d4
  Board A            Board B 
  -----------------  -----------------
8 |♖|♘|♗|♕|♔|♗|·|♖|  |♖|♘|♗|♕|♔|♗|·|♖|
  -----------------  -----------------
7 |♙|♙|♙|·|·|♙|♙|♙|  |♙|♙|♙|·|·|♙|♙|♙|
  -----------------  -----------------
6 |·|·|·|·|·|♘|·|·|  |·|·|·|·|·|♘|·|·|
  -----------------  -----------------
5 |·|·|·|♙|·|·|♞|·|  |·|·|·|♙|·|·|♞|·|
  -----------------  -----------------
4 |·|·|·|♟|♙|·|·|·|  |·|·|·|·|♙|·|·|·|
  -----------------  -----------------
3 |·|·|♞|·|♟|·|·|·|  |·|·|♞|·|♟|·|·|·|
  -----------------  -----------------
2 |♟|♟|♟|·|·|♟|♟|♟|  |♟|♟|♟|♟|·|♟|♟|♟|
  -----------------  -----------------
1 |♜|·|♝|♛|♚|♝|·|♜|  |♜|·|♝|♛|♚|♝|·|♜|
  -----------------  -----------------
   a b c d e f g h    a b c d e f g h
white A pocket: []
white B pocket: []
black A pocket: []
black B pocket: []


white B played d2d4
  Board A            Board B 
  -----------------  -----------------
8 |♖|♘|♗|♕|♔|♗|·|♖|  |♖|♘|♗|♕|♔|♗|·|♖|
  -----------------  -----------------
7 |♙|♙|♙|·|·|♙|♙|♙|  |♙|♙|♙|·|·|♙|♙|♙|
  -----------------  -----------------
6 |·|·|·|·|·|♘|·|·|  |·|·|·|·|·|♘|·|·|
  -----------------  -----------------
5 |·|·|·|♙|·|·|♞|·|  |·|·|·|♙|·|·|♞|·|
  -----------------  -----------------
4 |·|·|·|♟|♙|·|·|·|  |·|·|·|♟|♙|·|·|·|
  -----------------  -----------------
3 |·|·|♞|·|♟|·|·|·|  |·|·|♞|·|♟|·|·|·|
  -----------------  -----------------
2 |♟|♟|♟|·|·|♟|♟|♟|  |♟|♟|♟|·|·|♟|♟|♟|
  -----------------  -----------------
1 |♜|·|♝|♛|♚|♝|·|♜|  |♜|·|♝|♛|♚|♝|·|♜|
  -----------------  -----------------
   a b c d e f g h    a b c d e f g h
white A pocket: []
white B pocket: []
black A pocket: []
black B pocket: []


black A played a7a6
  Board A            Board B 
  -----------------  -----------------
8 |♖|♘|♗|♕|♔|♗|·|♖|  |♖|♘|♗|♕|♔|♗|·|♖|
  -----------------  -----------------
7 |·|♙|♙|·|·|♙|♙|♙|  |♙|♙|♙|·|·|♙|♙|♙|
  -----------------  -----------------
6 |♙|·|·|·|·|♘|·|·|  |·|·|·|·|·|♘|·|·|
  -----------------  -----------------
5 |·|·|·|♙|·|·|♞|·|  |·|·|·|♙|·|·|♞|·|
  -----------------  -----------------
4 |·|·|·|♟|♙|·|·|·|  |·|·|·|♟|♙|·|·|·|
  -----------------  -----------------
3 |·|·|♞|·|♟|·|·|·|  |·|·|♞|·|♟|·|·|·|
  -----------------  -----------------
2 |♟|♟|♟|·|·|♟|♟|♟|  |♟|♟|♟|·|·|♟|♟|♟|
  -----------------  -----------------
1 |♜|·|♝|♛|♚|♝|·|♜|  |♜|·|♝|♛|♚|♝|·|♜|
  -----------------  -----------------
   a b c d e f g h    a b c d e f g h
white A pocket: []
white B pocket: []
black A pocket: []
black B pocket: []


black B played a7a6
  Board A            Board B 
  -----------------  -----------------
8 |♖|♘|♗|♕|♔|♗|·|♖|  |♖|♘|♗|♕|♔|♗|·|♖|
  -----------------  -----------------
7 |·|♙|♙|·|·|♙|♙|♙|  |·|♙|♙|·|·|♙|♙|♙|
  -----------------  -----------------
6 |♙|·|·|·|·|♘|·|·|  |♙|·|·|·|·|♘|·|·|
  -----------------  -----------------
5 |·|·|·|♙|·|·|♞|·|  |·|·|·|♙|·|·|♞|·|
  -----------------  -----------------
4 |·|·|·|♟|♙|·|·|·|  |·|·|·|♟|♙|·|·|·|
  -----------------  -----------------
3 |·|·|♞|·|♟|·|·|·|  |·|·|♞|·|♟|·|·|·|
  -----------------  -----------------
2 |♟|♟|♟|·|·|♟|♟|♟|  |♟|♟|♟|·|·|♟|♟|♟|
  -----------------  -----------------
1 |♜|·|♝|♛|♚|♝|·|♜|  |♜|·|♝|♛|♚|♝|·|♜|
  -----------------  -----------------
   a b c d e f g h    a b c d e f g h
white A pocket: []
white B pocket: []
black A pocket: []
black B pocket: []


white A played c1d2
  Board A            Board B 
  -----------------  -----------------
8 |♖|♘|♗|♕|♔|♗|·|♖|  |♖|♘|♗|♕|♔|♗|·|♖|
  -----------------  -----------------
7 |·|♙|♙|·|·|♙|♙|♙|  |·|♙|♙|·|·|♙|♙|♙|
  -----------------  -----------------
6 |♙|·|·|·|·|♘|·|·|  |♙|·|·|·|·|♘|·|·|
  -----------------  -----------------
5 |·|·|·|♙|·|·|♞|·|  |·|·|·|♙|·|·|♞|·|
  -----------------  -----------------
4 |·|·|·|♟|♙|·|·|·|  |·|·|·|♟|♙|·|·|·|
  -----------------  -----------------
3 |·|·|♞|·|♟|·|·|·|  |·|·|♞|·|♟|·|·|·|
  -----------------  -----------------
2 |♟|♟|♟|♝|·|♟|♟|♟|  |♟|♟|♟|·|·|♟|♟|♟|
  -----------------  -----------------
1 |♜|·|·|♛|♚|♝|·|♜|  |♜|·|♝|♛|♚|♝|·|♜|
  -----------------  -----------------
   a b c d e f g h    a b c d e f g h
white A pocket: []
white B pocket: []
black A pocket: []
black B pocket: []


white B played c1d2
  Board A            Board B 
  -----------------  -----------------
8 |♖|♘|♗|♕|♔|♗|·|♖|  |♖|♘|♗|♕|♔|♗|·|♖|
  -----------------  -----------------
7 |·|♙|♙|·|·|♙|♙|♙|  |·|♙|♙|·|·|♙|♙|♙|
  -----------------  -----------------
6 |♙|·|·|·|·|♘|·|·|  |♙|·|·|·|·|♘|·|·|
  -----------------  -----------------
5 |·|·|·|♙|·|·|♞|·|  |·|·|·|♙|·|·|♞|·|
  -----------------  -----------------
4 |·|·|·|♟|♙|·|·|·|  |·|·|·|♟|♙|·|·|·|
  -----------------  -----------------
3 |·|·|♞|·|♟|·|·|·|  |·|·|♞|·|♟|·|·|·|
  -----------------  -----------------
2 |♟|♟|♟|♝|·|♟|♟|♟|  |♟|♟|♟|♝|·|♟|♟|♟|
  -----------------  -----------------
1 |♜|·|·|♛|♚|♝|·|♜|  |♜|·|·|♛|♚|♝|·|♜|
  -----------------  -----------------
   a b c d e f g h    a b c d e f g h
white A pocket: []
white B pocket: []
black A pocket: []
black B pocket: []


black A played c8f5
  Board A            Board B 
  -----------------  -----------------
8 |♖|♘|·|♕|♔|♗|·|♖|  |♖|♘|♗|♕|♔|♗|·|♖|
  -----------------  -----------------
7 |·|♙|♙|·|·|♙|♙|♙|  |·|♙|♙|·|·|♙|♙|♙|
  -----------------  -----------------
6 |♙|·|·|·|·|♘|·|·|  |♙|·|·|·|·|♘|·|·|
  -----------------  -----------------
5 |·|·|·|♙|·|♗|♞|·|  |·|·|·|♙|·|·|♞|·|
  -----------------  -----------------
4 |·|·|·|♟|♙|·|·|·|  |·|·|·|♟|♙|·|·|·|
  -----------------  -----------------
3 |·|·|♞|·|♟|·|·|·|  |·|·|♞|·|♟|·|·|·|
  -----------------  -----------------
2 |♟|♟|♟|♝|·|♟|♟|♟|  |♟|♟|♟|♝|·|♟|♟|♟|
  -----------------  -----------------
1 |♜|·|·|♛|♚|♝|·|♜|  |♜|·|·|♛|♚|♝|·|♜|
  -----------------  -----------------
   a b c d e f g h    a b c d e f g h
white A pocket: []
white B pocket: []
black A pocket: []
black B pocket: []


black B played b8c6
  Board A            Board B 
  -----------------  -----------------
8 |♖|♘|·|♕|♔|♗|·|♖|  |♖|·|♗|♕|♔|♗|·|♖|
  -----------------  -----------------
7 |·|♙|♙|·|·|♙|♙|♙|  |·|♙|♙|·|·|♙|♙|♙|
  -----------------  -----------------
6 |♙|·|·|·|·|♘|·|·|  |♙|·|♘|·|·|♘|·|·|
  -----------------  -----------------
5 |·|·|·|♙|·|♗|♞|·|  |·|·|·|♙|·|·|♞|·|
  -----------------  -----------------
4 |·|·|·|♟|♙|·|·|·|  |·|·|·|♟|♙|·|·|·|
  -----------------  -----------------
3 |·|·|♞|·|♟|·|·|·|  |·|·|♞|·|♟|·|·|·|
  -----------------  -----------------
2 |♟|♟|♟|♝|·|♟|♟|♟|  |♟|♟|♟|♝|·|♟|♟|♟|
  -----------------  -----------------
1 |♜|·|·|♛|♚|♝|·|♜|  |♜|·|·|♛|♚|♝|·|♜|
  -----------------  -----------------
   a b c d e f g h    a b c d e f g h
white A pocket: []
white B pocket: []
black A pocket: []
black B pocket: []


white A played f2f3
  Board A            Board B 
  -----------------  -----------------
8 |♖|♘|·|♕|♔|♗|·|♖|  |♖|·|♗|♕|♔|♗|·|♖|
  -----------------  -----------------
7 |·|♙|♙|·|·|♙|♙|♙|  |·|♙|♙|·|·|♙|♙|♙|
  -----------------  -----------------
6 |♙|·|·|·|·|♘|·|·|  |♙|·|♘|·|·|♘|·|·|
  -----------------  -----------------
5 |·|·|·|♙|·|♗|♞|·|  |·|·|·|♙|·|·|♞|·|
  -----------------  -----------------
4 |·|·|·|♟|♙|·|·|·|  |·|·|·|♟|♙|·|·|·|
  -----------------  -----------------
3 |·|·|♞|·|♟|♟|·|·|  |·|·|♞|·|♟|·|·|·|
  -----------------  -----------------
2 |♟|♟|♟|♝|·|·|♟|♟|  |♟|♟|♟|♝|·|♟|♟|♟|
  -----------------  -----------------
1 |♜|·|·|♛|♚|♝|·|♜|  |♜|·|·|♛|♚|♝|·|♜|
  -----------------  -----------------
   a b c d e f g h    a b c d e f g h
white A pocket: []
white B pocket: []
black A pocket: []
black B pocket: []


white B played f1e2
  Board A            Board B 
  -----------------  -----------------
8 |♖|♘|·|♕|♔|♗|·|♖|  |♖|·|♗|♕|♔|♗|·|♖|
  -----------------  -----------------
7 |·|♙|♙|·|·|♙|♙|♙|  |·|♙|♙|·|·|♙|♙|♙|
  -----------------  -----------------
6 |♙|·|·|·|·|♘|·|·|  |♙|·|♘|·|·|♘|·|·|
  -----------------  -----------------
5 |·|·|·|♙|·|♗|♞|·|  |·|·|·|♙|·|·|♞|·|
  -----------------  -----------------
4 |·|·|·|♟|♙|·|·|·|  |·|·|·|♟|♙|·|·|·|
  -----------------  -----------------
3 |·|·|♞|·|♟|♟|·|·|  |·|·|♞|·|♟|·|·|·|
  -----------------  -----------------
2 |♟|♟|♟|♝|·|·|♟|♟|  |♟|♟|♟|♝|♝|♟|♟|♟|
  -----------------  -----------------
1 |♜|·|·|♛|♚|♝|·|♜|  |♜|·|·|♛|♚|·|·|♜|
  -----------------  -----------------
   a b c d e f g h    a b c d e f g h
white A pocket: []
white B pocket: []
black A pocket: []
black B pocket: []


black A played b8c6
  Board A            Board B 
  -----------------  -----------------
8 |♖|·|·|♕|♔|♗|·|♖|  |♖|·|♗|♕|♔|♗|·|♖|
  -----------------  -----------------
7 |·|♙|♙|·|·|♙|♙|♙|  |·|♙|♙|·|·|♙|♙|♙|
  -----------------  -----------------
6 |♙|·|♘|·|·|♘|·|·|  |♙|·|♘|·|·|♘|·|·|
  -----------------  -----------------
5 |·|·|·|♙|·|♗|♞|·|  |·|·|·|♙|·|·|♞|·|
  -----------------  -----------------
4 |·|·|·|♟|♙|·|·|·|  |·|·|·|♟|♙|·|·|·|
  -----------------  -----------------
3 |·|·|♞|·|♟|♟|·|·|  |·|·|♞|·|♟|·|·|·|
  -----------------  -----------------
2 |♟|♟|♟|♝|·|·|♟|♟|  |♟|♟|♟|♝|♝|♟|♟|♟|
  -----------------  -----------------
1 |♜|·|·|♛|♚|♝|·|♜|  |♜|·|·|♛|♚|·|·|♜|
  -----------------  -----------------
   a b c d e f g h    a b c d e f g h
white A pocket: []
white B pocket: []
black A pocket: []
black B pocket: []


black B played h7h6
  Board A            Board B 
  -----------------  -----------------
8 |♖|·|·|♕|♔|♗|·|♖|  |♖|·|♗|♕|♔|♗|·|♖|
  -----------------  -----------------
7 |·|♙|♙|·|·|♙|♙|♙|  |·|♙|♙|·|·|♙|♙|·|
  -----------------  -----------------
6 |♙|·|♘|·|·|♘|·|·|  |♙|·|♘|·|·|♘|·|♙|
  -----------------  -----------------
5 |·|·|·|♙|·|♗|♞|·|  |·|·|·|♙|·|·|♞|·|
  -----------------  -----------------
4 |·|·|·|♟|♙|·|·|·|  |·|·|·|♟|♙|·|·|·|
  -----------------  -----------------
3 |·|·|♞|·|♟|♟|·|·|  |·|·|♞|·|♟|·|·|·|
  -----------------  -----------------
2 |♟|♟|♟|♝|·|·|♟|♟|  |♟|♟|♟|♝|♝|♟|♟|♟|
  -----------------  -----------------
1 |♜|·|·|♛|♚|♝|·|♜|  |♜|·|·|♛|♚|·|·|♜|
  -----------------  -----------------
   a b c d e f g h    a b c d e f g h
white A pocket: []
white B pocket: []
black A pocket: []
black B pocket: []


white A played f1e2
  Board A            Board B 
  -----------------  -----------------
8 |♖|·|·|♕|♔|♗|·|♖|  |♖|·|♗|♕|♔|♗|·|♖|
  -----------------  -----------------
7 |·|♙|♙|·|·|♙|♙|♙|  |·|♙|♙|·|·|♙|♙|·|
  -----------------  -----------------
6 |♙|·|♘|·|·|♘|·|·|  |♙|·|♘|·|·|♘|·|♙|
  -----------------  -----------------
5 |·|·|·|♙|·|♗|♞|·|  |·|·|·|♙|·|·|♞|·|
  -----------------  -----------------
4 |·|·|·|♟|♙|·|·|·|  |·|·|·|♟|♙|·|·|·|
  -----------------  -----------------
3 |·|·|♞|·|♟|♟|·|·|  |·|·|♞|·|♟|·|·|·|
  -----------------  -----------------
2 |♟|♟|♟|♝|♝|·|♟|♟|  |♟|♟|♟|♝|♝|♟|♟|♟|
  -----------------  -----------------
1 |♜|·|·|♛|♚|·|·|♜|  |♜|·|·|♛|♚|·|·|♜|
  -----------------  -----------------
   a b c d e f g h    a b c d e f g h
white A pocket: []
white B pocket: []
black A pocket: []
black B pocket: []


white B played g5h3
  Board A            Board B 
  -----------------  -----------------
8 |♖|·|·|♕|♔|♗|·|♖|  |♖|·|♗|♕|♔|♗|·|♖|
  -----------------  -----------------
7 |·|♙|♙|·|·|♙|♙|♙|  |·|♙|♙|·|·|♙|♙|·|
  -----------------  -----------------
6 |♙|·|♘|·|·|♘|·|·|  |♙|·|♘|·|·|♘|·|♙|
  -----------------  -----------------
5 |·|·|·|♙|·|♗|♞|·|  |·|·|·|♙|·|·|·|·|
  -----------------  -----------------
4 |·|·|·|♟|♙|·|·|·|  |·|·|·|♟|♙|·|·|·|
  -----------------  -----------------
3 |·|·|♞|·|♟|♟|·|·|  |·|·|♞|·|♟|·|·|♞|
  -----------------  -----------------
2 |♟|♟|♟|♝|♝|·|♟|♟|  |♟|♟|♟|♝|♝|♟|♟|♟|
  -----------------  -----------------
1 |♜|·|·|♛|♚|·|·|♜|  |♜|·|·|♛|♚|·|·|♜|
  -----------------  -----------------
   a b c d e f g h    a b c d e f g h
white A pocket: []
white B pocket: []
black A pocket: []
black B pocket: []


black A played e4f3
  Board A            Board B 
  -----------------  -----------------
8 |♖|·|·|♕|♔|♗|·|♖|  |♖|·|♗|♕|♔|♗|·|♖|
  -----------------  -----------------
7 |·|♙|♙|·|·|♙|♙|♙|  |·|♙|♙|·|·|♙|♙|·|
  -----------------  -----------------
6 |♙|·|♘|·|·|♘|·|·|  |♙|·|♘|·|·|♘|·|♙|
  -----------------  -----------------
5 |·|·|·|♙|·|♗|♞|·|  |·|·|·|♙|·|·|·|·|
  -----------------  -----------------
4 |·|·|·|♟|·|·|·|·|  |·|·|·|♟|♙|·|·|·|
  -----------------  -----------------
3 |·|·|♞|·|♟|♙|·|·|  |·|·|♞|·|♟|·|·|♞|
  -----------------  -----------------
2 |♟|♟|♟|♝|♝|·|♟|♟|  |♟|♟|♟|♝|♝|♟|♟|♟|
  -----------------  -----------------
1 |♜|·|·|♛|♚|·|·|♜|  |♜|·|·|♛|♚|·|·|♜|
  -----------------  -----------------
   a b c d e f g h    a b c d e f g h
white A pocket: []
white B pocket: [♟ ]
black A pocket: []
black B pocket: []


black B played f8b4
  Board A            Board B 
  -----------------  -----------------
8 |♖|·|·|♕|♔|♗|·|♖|  |♖|·|♗|♕|♔|·|·|♖|
  -----------------  -----------------
7 |·|♙|♙|·|·|♙|♙|♙|  |·|♙|♙|·|·|♙|♙|·|
  -----------------  -----------------
6 |♙|·|♘|·|·|♘|·|·|  |♙|·|♘|·|·|♘|·|♙|
  -----------------  -----------------
5 |·|·|·|♙|·|♗|♞|·|  |·|·|·|♙|·|·|·|·|
  -----------------  -----------------
4 |·|·|·|♟|·|·|·|·|  |·|♗|·|♟|♙|·|·|·|
  -----------------  -----------------
3 |·|·|♞|·|♟|♙|·|·|  |·|·|♞|·|♟|·|·|♞|
  -----------------  -----------------
2 |♟|♟|♟|♝|♝|·|♟|♟|  |♟|♟|♟|♝|♝|♟|♟|♟|
  -----------------  -----------------
1 |♜|·|·|♛|♚|·|·|♜|  |♜|·|·|♛|♚|·|·|♜|
  -----------------  -----------------
   a b c d e f g h    a b c d e f g h
white A pocket: []
white B pocket: [♟ ]
black A pocket: []
black B pocket: []


white A played e2f3
  Board A            Board B 
  -----------------  -----------------
8 |♖|·|·|♕|♔|♗|·|♖|  |♖|·|♗|♕|♔|·|·|♖|
  -----------------  -----------------
7 |·|♙|♙|·|·|♙|♙|♙|  |·|♙|♙|·|·|♙|♙|·|
  -----------------  -----------------
6 |♙|·|♘|·|·|♘|·|·|  |♙|·|♘|·|·|♘|·|♙|
  -----------------  -----------------
5 |·|·|·|♙|·|♗|♞|·|  |·|·|·|♙|·|·|·|·|
  -----------------  -----------------
4 |·|·|·|♟|·|·|·|·|  |·|♗|·|♟|♙|·|·|·|
  -----------------  -----------------
3 |·|·|♞|·|♟|♝|·|·|  |·|·|♞|·|♟|·|·|♞|
  -----------------  -----------------
2 |♟|♟|♟|♝|·|·|♟|♟|  |♟|♟|♟|♝|♝|♟|♟|♟|
  -----------------  -----------------
1 |♜|·|·|♛|♚|·|·|♜|  |♜|·|·|♛|♚|·|·|♜|
  -----------------  -----------------
   a b c d e f g h    a b c d e f g h
white A pocket: []
white B pocket: [♟ ]
black A pocket: []
black B pocket: [♙ ]


white B played P@e5
  Board A            Board B 
  -----------------  -----------------
8 |♖|·|·|♕|♔|♗|·|♖|  |♖|·|♗|♕|♔|·|·|♖|
  -----------------  -----------------
7 |·|♙|♙|·|·|♙|♙|♙|  |·|♙|♙|·|·|♙|♙|·|
  -----------------  -----------------
6 |♙|·|♘|·|·|♘|·|·|  |♙|·|♘|·|·|♘|·|♙|
  -----------------  -----------------
5 |·|·|·|♙|·|♗|♞|·|  |·|·|·|♙|♟|·|·|·|
  -----------------  -----------------
4 |·|·|·|♟|·|·|·|·|  |·|♗|·|♟|♙|·|·|·|
  -----------------  -----------------
3 |·|·|♞|·|♟|♝|·|·|  |·|·|♞|·|♟|·|·|♞|
  -----------------  -----------------
2 |♟|♟|♟|♝|·|·|♟|♟|  |♟|♟|♟|♝|♝|♟|♟|♟|
  -----------------  -----------------
1 |♜|·|·|♛|♚|·|·|♜|  |♜|·|·|♛|♚|·|·|♜|
  -----------------  -----------------
   a b c d e f g h    a b c d e f g h
white A pocket: []
white B pocket: []
black A pocket: []
black B pocket: [♙ ]


black A played c6b4
  Board A            Board B 
  -----------------  -----------------
8 |♖|·|·|♕|♔|♗|·|♖|  |♖|·|♗|♕|♔|·|·|♖|
  -----------------  -----------------
7 |·|♙|♙|·|·|♙|♙|♙|  |·|♙|♙|·|·|♙|♙|·|
  -----------------  -----------------
6 |♙|·|·|·|·|♘|·|·|  |♙|·|♘|·|·|♘|·|♙|
  -----------------  -----------------
5 |·|·|·|♙|·|♗|♞|·|  |·|·|·|♙|♟|·|·|·|
  -----------------  -----------------
4 |·|♘|·|♟|·|·|·|·|  |·|♗|·|♟|♙|·|·|·|
  -----------------  -----------------
3 |·|·|♞|·|♟|♝|·|·|  |·|·|♞|·|♟|·|·|♞|
  -----------------  -----------------
2 |♟|♟|♟|♝|·|·|♟|♟|  |♟|♟|♟|♝|♝|♟|♟|♟|
  -----------------  -----------------
1 |♜|·|·|♛|♚|·|·|♜|  |♜|·|·|♛|♚|·|·|♜|
  -----------------  -----------------
   a b c d e f g h    a b c d e f g h
white A pocket: []
white B pocket: []
black A pocket: []
black B pocket: [♙ ]


black B played c8h3
  Board A            Board B 
  -----------------  -----------------
8 |♖|·|·|♕|♔|♗|·|♖|  |♖|·|·|♕|♔|·|·|♖|
  -----------------  -----------------
7 |·|♙|♙|·|·|♙|♙|♙|  |·|♙|♙|·|·|♙|♙|·|
  -----------------  -----------------
6 |♙|·|·|·|·|♘|·|·|  |♙|·|♘|·|·|♘|·|♙|
  -----------------  -----------------
5 |·|·|·|♙|·|♗|♞|·|  |·|·|·|♙|♟|·|·|·|
  -----------------  -----------------
4 |·|♘|·|♟|·|·|·|·|  |·|♗|·|♟|♙|·|·|·|
  -----------------  -----------------
3 |·|·|♞|·|♟|♝|·|·|  |·|·|♞|·|♟|·|·|♗|
  -----------------  -----------------
2 |♟|♟|♟|♝|·|·|♟|♟|  |♟|♟|♟|♝|♝|♟|♟|♟|
  -----------------  -----------------
1 |♜|·|·|♛|♚|·|·|♜|  |♜|·|·|♛|♚|·|·|♜|
  -----------------  -----------------
   a b c d e f g h    a b c d e f g h
white A pocket: [♞ ]
white B pocket: []
black A pocket: []
black B pocket: [♙ ]


white A played N@a3
  Board A            Board B 
  -----------------  -----------------
8 |♖|·|·|♕|♔|♗|·|♖|  |♖|·|·|♕|♔|·|·|♖|
  -----------------  -----------------
7 |·|♙|♙|·|·|♙|♙|♙|  |·|♙|♙|·|·|♙|♙|·|
  -----------------  -----------------
6 |♙|·|·|·|·|♘|·|·|  |♙|·|♘|·|·|♘|·|♙|
  -----------------  -----------------
5 |·|·|·|♙|·|♗|♞|·|  |·|·|·|♙|♟|·|·|·|
  -----------------  -----------------
4 |·|♘|·|♟|·|·|·|·|  |·|♗|·|♟|♙|·|·|·|
  -----------------  -----------------
3 |♞|·|♞|·|♟|♝|·|·|  |·|·|♞|·|♟|·|·|♗|
  -----------------  -----------------
2 |♟|♟|♟|♝|·|·|♟|♟|  |♟|♟|♟|♝|♝|♟|♟|♟|
  -----------------  -----------------
1 |♜|·|·|♛|♚|·|·|♜|  |♜|·|·|♛|♚|·|·|♜|
  -----------------  -----------------
   a b c d e f g h    a b c d e f g h
white A pocket: []
white B pocket: []
black A pocket: []
black B pocket: [♙ ]


white B played e5f6
  Board A            Board B 
  -----------------  -----------------
8 |♖|·|·|♕|♔|♗|·|♖|  |♖|·|·|♕|♔|·|·|♖|
  -----------------  -----------------
7 |·|♙|♙|·|·|♙|♙|♙|  |·|♙|♙|·|·|♙|♙|·|
  -----------------  -----------------
6 |♙|·|·|·|·|♘|·|·|  |♙|·|♘|·|·|♟|·|♙|
  -----------------  -----------------
5 |·|·|·|♙|·|♗|♞|·|  |·|·|·|♙|·|·|·|·|
  -----------------  -----------------
4 |·|♘|·|♟|·|·|·|·|  |·|♗|·|♟|♙|·|·|·|
  -----------------  -----------------
3 |♞|·|♞|·|♟|♝|·|·|  |·|·|♞|·|♟|·|·|♗|
  -----------------  -----------------
2 |♟|♟|♟|♝|·|·|♟|♟|  |♟|♟|♟|♝|♝|♟|♟|♟|
  -----------------  -----------------
1 |♜|·|·|♛|♚|·|·|♜|  |♜|·|·|♛|♚|·|·|♜|
  -----------------  -----------------
   a b c d e f g h    a b c d e f g h
white A pocket: []
white B pocket: []
black A pocket: [♘ ]
black B pocket: [♙ ]


black A played N@c6
  Board A            Board B 
  -----------------  -----------------
8 |♖|·|·|♕|♔|♗|·|♖|  |♖|·|·|♕|♔|·|·|♖|
  -----------------  -----------------
7 |·|♙|♙|·|·|♙|♙|♙|  |·|♙|♙|·|·|♙|♙|·|
  -----------------  -----------------
6 |♙|·|♘|·|·|♘|·|·|  |♙|·|♘|·|·|♟|·|♙|
  -----------------  -----------------
5 |·|·|·|♙|·|♗|♞|·|  |·|·|·|♙|·|·|·|·|
  -----------------  -----------------
4 |·|♘|·|♟|·|·|·|·|  |·|♗|·|♟|♙|·|·|·|
  -----------------  -----------------
3 |♞|·|♞|·|♟|♝|·|·|  |·|·|♞|·|♟|·|·|♗|
  -----------------  -----------------
2 |♟|♟|♟|♝|·|·|♟|♟|  |♟|♟|♟|♝|♝|♟|♟|♟|
  -----------------  -----------------
1 |♜|·|·|♛|♚|·|·|♜|  |♜|·|·|♛|♚|·|·|♜|
  -----------------  -----------------
   a b c d e f g h    a b c d e f g h
white A pocket: []
white B pocket: []
black A pocket: []
black B pocket: [♙ ]


black B played h3g2
  Board A            Board B 
  -----------------  -----------------
8 |♖|·|·|♕|♔|♗|·|♖|  |♖|·|·|♕|♔|·|·|♖|
  -----------------  -----------------
7 |·|♙|♙|·|·|♙|♙|♙|  |·|♙|♙|·|·|♙|♙|·|
  -----------------  -----------------
6 |♙|·|♘|·|·|♘|·|·|  |♙|·|♘|·|·|♟|·|♙|
  -----------------  -----------------
5 |·|·|·|♙|·|♗|♞|·|  |·|·|·|♙|·|·|·|·|
  -----------------  -----------------
4 |·|♘|·|♟|·|·|·|·|  |·|♗|·|♟|♙|·|·|·|
  -----------------  -----------------
3 |♞|·|♞|·|♟|♝|·|·|  |·|·|♞|·|♟|·|·|·|
  -----------------  -----------------
2 |♟|♟|♟|♝|·|·|♟|♟|  |♟|♟|♟|♝|♝|♟|♗|♟|
  -----------------  -----------------
1 |♜|·|·|♛|♚|·|·|♜|  |♜|·|·|♛|♚|·|·|♜|
  -----------------  -----------------
   a b c d e f g h    a b c d e f g h
white A pocket: [♟ ]
white B pocket: []
black A pocket: []
black B pocket: [♙ ]


white A played c3e2
  Board A            Board B 
  -----------------  -----------------
8 |♖|·|·|♕|♔|♗|·|♖|  |♖|·|·|♕|♔|·|·|♖|
  -----------------  -----------------
7 |·|♙|♙|·|·|♙|♙|♙|  |·|♙|♙|·|·|♙|♙|·|
  -----------------  -----------------
6 |♙|·|♘|·|·|♘|·|·|  |♙|·|♘|·|·|♟|·|♙|
  -----------------  -----------------
5 |·|·|·|♙|·|♗|♞|·|  |·|·|·|♙|·|·|·|·|
  -----------------  -----------------
4 |·|♘|·|♟|·|·|·|·|  |·|♗|·|♟|♙|·|·|·|
  -----------------  -----------------
3 |♞|·|·|·|♟|♝|·|·|  |·|·|♞|·|♟|·|·|·|
  -----------------  -----------------
2 |♟|♟|♟|♝|♞|·|♟|♟|  |♟|♟|♟|♝|♝|♟|♗|♟|
  -----------------  -----------------
1 |♜|·|·|♛|♚|·|·|♜|  |♜|·|·|♛|♚|·|·|♜|
  -----------------  -----------------
   a b c d e f g h    a b c d e f g h
white A pocket: [♟ ]
white B pocket: []
black A pocket: []
black B pocket: [♙ ]


white B played f6g7
  Board A            Board B 
  -----------------  -----------------
8 |♖|·|·|♕|♔|♗|·|♖|  |♖|·|·|♕|♔|·|·|♖|
  -----------------  -----------------
7 |·|♙|♙|·|·|♙|♙|♙|  |·|♙|♙|·|·|♙|♟|·|
  -----------------  -----------------
6 |♙|·|♘|·|·|♘|·|·|  |♙|·|♘|·|·|·|·|♙|
  -----------------  -----------------
5 |·|·|·|♙|·|♗|♞|·|  |·|·|·|♙|·|·|·|·|
  -----------------  -----------------
4 |·|♘|·|♟|·|·|·|·|  |·|♗|·|♟|♙|·|·|·|
  -----------------  -----------------
3 |♞|·|·|·|♟|♝|·|·|  |·|·|♞|·|♟|·|·|·|
  -----------------  -----------------
2 |♟|♟|♟|♝|♞|·|♟|♟|  |♟|♟|♟|♝|♝|♟|♗|♟|
  -----------------  -----------------
1 |♜|·|·|♛|♚|·|·|♜|  |♜|·|·|♛|♚|·|·|♜|
  -----------------  -----------------
   a b c d e f g h    a b c d e f g h
white A pocket: [♟ ]
white B pocket: []
black A pocket: [♙ ]
black B pocket: [♙ ]


black A played P@e4
  Board A            Board B 
  -----------------  -----------------
8 |♖|·|·|♕|♔|♗|·|♖|  |♖|·|·|♕|♔|·|·|♖|
  -----------------  -----------------
7 |·|♙|♙|·|·|♙|♙|♙|  |·|♙|♙|·|·|♙|♟|·|
  -----------------  -----------------
6 |♙|·|♘|·|·|♘|·|·|  |♙|·|♘|·|·|·|·|♙|
  -----------------  -----------------
5 |·|·|·|♙|·|♗|♞|·|  |·|·|·|♙|·|·|·|·|
  -----------------  -----------------
4 |·|♘|·|♟|♙|·|·|·|  |·|♗|·|♟|♙|·|·|·|
  -----------------  -----------------
3 |♞|·|·|·|♟|♝|·|·|  |·|·|♞|·|♟|·|·|·|
  -----------------  -----------------
2 |♟|♟|♟|♝|♞|·|♟|♟|  |♟|♟|♟|♝|♝|♟|♗|♟|
  -----------------  -----------------
1 |♜|·|·|♛|♚|·|·|♜|  |♜|·|·|♛|♚|·|·|♜|
  -----------------  -----------------
   a b c d e f g h    a b c d e f g h
white A pocket: [♟ ]
white B pocket: []
black A pocket: []
black B pocket: [♙ ]


black B played h8g8
  Board A            Board B 
  -----------------  -----------------
8 |♖|·|·|♕|♔|♗|·|♖|  |♖|·|·|♕|♔|·|♖|·|
  -----------------  -----------------
7 |·|♙|♙|·|·|♙|♙|♙|  |·|♙|♙|·|·|♙|♟|·|
  -----------------  -----------------
6 |♙|·|♘|·|·|♘|·|·|  |♙|·|♘|·|·|·|·|♙|
  -----------------  -----------------
5 |·|·|·|♙|·|♗|♞|·|  |·|·|·|♙|·|·|·|·|
  -----------------  -----------------
4 |·|♘|·|♟|♙|·|·|·|  |·|♗|·|♟|♙|·|·|·|
  -----------------  -----------------
3 |♞|·|·|·|♟|♝|·|·|  |·|·|♞|·|♟|·|·|·|
  -----------------  -----------------
2 |♟|♟|♟|♝|♞|·|♟|♟|  |♟|♟|♟|♝|♝|♟|♗|♟|
  -----------------  -----------------
1 |♜|·|·|♛|♚|·|·|♜|  |♜|·|·|♛|♚|·|·|♜|
  -----------------  -----------------
   a b c d e f g h    a b c d e f g h
white A pocket: [♟ ]
white B pocket: []
black A pocket: []
black B pocket: [♙ ]


white A played e2g3
  Board A            Board B 
  -----------------  -----------------
8 |♖|·|·|♕|♔|♗|·|♖|  |♖|·|·|♕|♔|·|♖|·|
  -----------------  -----------------
7 |·|♙|♙|·|·|♙|♙|♙|  |·|♙|♙|·|·|♙|♟|·|
  -----------------  -----------------
6 |♙|·|♘|·|·|♘|·|·|  |♙|·|♘|·|·|·|·|♙|
  -----------------  -----------------
5 |·|·|·|♙|·|♗|♞|·|  |·|·|·|♙|·|·|·|·|
  -----------------  -----------------
4 |·|♘|·|♟|♙|·|·|·|  |·|♗|·|♟|♙|·|·|·|
  -----------------  -----------------
3 |♞|·|·|·|♟|♝|♞|·|  |·|·|♞|·|♟|·|·|·|
  -----------------  -----------------
2 |♟|♟|♟|♝|·|·|♟|♟|  |♟|♟|♟|♝|♝|♟|♗|♟|
  -----------------  -----------------
1 |♜|·|·|♛|♚|·|·|♜|  |♜|·|·|♛|♚|·|·|♜|
  -----------------  -----------------
   a b c d e f g h    a b c d e f g h
white A pocket: [♟ ]
white B pocket: []
black A pocket: []
black B pocket: [♙ ]


white B played c3d5
  Board A            Board B 
  -----------------  -----------------
8 |♖|·|·|♕|♔|♗|·|♖|  |♖|·|·|♕|♔|·|♖|·|
  -----------------  -----------------
7 |·|♙|♙|·|·|♙|♙|♙|  |·|♙|♙|·|·|♙|♟|·|
  -----------------  -----------------
6 |♙|·|♘|·|·|♘|·|·|  |♙|·|♘|·|·|·|·|♙|
  -----------------  -----------------
5 |·|·|·|♙|·|♗|♞|·|  |·|·|·|♞|·|·|·|·|
  -----------------  -----------------
4 |·|♘|·|♟|♙|·|·|·|  |·|♗|·|♟|♙|·|·|·|
  -----------------  -----------------
3 |♞|·|·|·|♟|♝|♞|·|  |·|·|·|·|♟|·|·|·|
  -----------------  -----------------
2 |♟|♟|♟|♝|·|·|♟|♟|  |♟|♟|♟|♝|♝|♟|♗|♟|
  -----------------  -----------------
1 |♜|·|·|♛|♚|·|·|♜|  |♜|·|·|♛|♚|·|·|♜|
  -----------------  -----------------
   a b c d e f g h    a b c d e f g h
white A pocket: [♟ ]
white B pocket: []
black A pocket: [♙ ]
black B pocket: [♙ ]


black A played P@f2
  Board A            Board B 
  -----------------  -----------------
8 |♖|·|·|♕|♔|♗|·|♖|  |♖|·|·|♕|♔|·|♖|·|
  -----------------  -----------------
7 |·|♙|♙|·|·|♙|♙|♙|  |·|♙|♙|·|·|♙|♟|·|
  -----------------  -----------------
6 |♙|·|♘|·|·|♘|·|·|  |♙|·|♘|·|·|·|·|♙|
  -----------------  -----------------
5 |·|·|·|♙|·|♗|♞|·|  |·|·|·|♞|·|·|·|·|
  -----------------  -----------------
4 |·|♘|·|♟|♙|·|·|·|  |·|♗|·|♟|♙|·|·|·|
  -----------------  -----------------
3 |♞|·|·|·|♟|♝|♞|·|  |·|·|·|·|♟|·|·|·|
  -----------------  -----------------
2 |♟|♟|♟|♝|·|♙|♟|♟|  |♟|♟|♟|♝|♝|♟|♗|♟|
  -----------------  -----------------
1 |♜|·|·|♛|♚|·|·|♜|  |♜|·|·|♛|♚|·|·|♜|
  -----------------  -----------------
   a b c d e f g h    a b c d e f g h
white A pocket: [♟ ]
white B pocket: []
black A pocket: []
black B pocket: [♙ ]


black B played g2h1
  Board A            Board B 
  -----------------  -----------------
8 |♖|·|·|♕|♔|♗|·|♖|  |♖|·|·|♕|♔|·|♖|·|
  -----------------  -----------------
7 |·|♙|♙|·|·|♙|♙|♙|  |·|♙|♙|·|·|♙|♟|·|
  -----------------  -----------------
6 |♙|·|♘|·|·|♘|·|·|  |♙|·|♘|·|·|·|·|♙|
  -----------------  -----------------
5 |·|·|·|♙|·|♗|♞|·|  |·|·|·|♞|·|·|·|·|
  -----------------  -----------------
4 |·|♘|·|♟|♙|·|·|·|  |·|♗|·|♟|♙|·|·|·|
  -----------------  -----------------
3 |♞|·|·|·|♟|♝|♞|·|  |·|·|·|·|♟|·|·|·|
  -----------------  -----------------
2 |♟|♟|♟|♝|·|♙|♟|♟|  |♟|♟|♟|♝|♝|♟|·|♟|
  -----------------  -----------------
1 |♜|·|·|♛|♚|·|·|♜|  |♜|·|·|♛|♚|·|·|♗|
  -----------------  -----------------
   a b c d e f g h    a b c d e f g h
white A pocket: [♟ ♜ ]
white B pocket: []
black A pocket: []
black B pocket: [♙ ]


white A played e1f2
  Board A            Board B 
  -----------------  -----------------
8 |♖|·|·|♕|♔|♗|·|♖|  |♖|·|·|♕|♔|·|♖|·|
  -----------------  -----------------
7 |·|♙|♙|·|·|♙|♙|♙|  |·|♙|♙|·|·|♙|♟|·|
  -----------------  -----------------
6 |♙|·|♘|·|·|♘|·|·|  |♙|·|♘|·|·|·|·|♙|
  -----------------  -----------------
5 |·|·|·|♙|·|♗|♞|·|  |·|·|·|♞|·|·|·|·|
  -----------------  -----------------
4 |·|♘|·|♟|♙|·|·|·|  |·|♗|·|♟|♙|·|·|·|
  -----------------  -----------------
3 |♞|·|·|·|♟|♝|♞|·|  |·|·|·|·|♟|·|·|·|
  -----------------  -----------------
2 |♟|♟|♟|♝|·|♚|♟|♟|  |♟|♟|♟|♝|♝|♟|·|♟|
  -----------------  -----------------
1 |♜|·|·|♛|·|·|·|♜|  |♜|·|·|♛|♚|·|·|♗|
  -----------------  -----------------
   a b c d e f g h    a b c d e f g h
white A pocket: [♟ ♜ ]
white B pocket: []
black A pocket: []
black B pocket: [♙ ♙ ]


white B played d2b4
  Board A            Board B 
  -----------------  -----------------
8 |♖|·|·|♕|♔|♗|·|♖|  |♖|·|·|♕|♔|·|♖|·|
  -----------------  -----------------
7 |·|♙|♙|·|·|♙|♙|♙|  |·|♙|♙|·|·|♙|♟|·|
  -----------------  -----------------
6 |♙|·|♘|·|·|♘|·|·|  |♙|·|♘|·|·|·|·|♙|
  -----------------  -----------------
5 |·|·|·|♙|·|♗|♞|·|  |·|·|·|♞|·|·|·|·|
  -----------------  -----------------
4 |·|♘|·|♟|♙|·|·|·|  |·|♝|·|♟|♙|·|·|·|
  -----------------  -----------------
3 |♞|·|·|·|♟|♝|♞|·|  |·|·|·|·|♟|·|·|·|
  -----------------  -----------------
2 |♟|♟|♟|♝|·|♚|♟|♟|  |♟|♟|♟|·|♝|♟|·|♟|
  -----------------  -----------------
1 |♜|·|·|♛|·|·|·|♜|  |♜|·|·|♛|♚|·|·|♗|
  -----------------  -----------------
   a b c d e f g h    a b c d e f g h
white A pocket: [♟ ♜ ]
white B pocket: []
black A pocket: [♗ ]
black B pocket: [♙ ♙ ]


black A played B@e1
  Board A            Board B 
  -----------------  -----------------
8 |♖|·|·|♕|♔|♗|·|♖|  |♖|·|·|♕|♔|·|♖|·|
  -----------------  -----------------
7 |·|♙|♙|·|·|♙|♙|♙|  |·|♙|♙|·|·|♙|♟|·|
  -----------------  -----------------
6 |♙|·|♘|·|·|♘|·|·|  |♙|·|♘|·|·|·|·|♙|
  -----------------  -----------------
5 |·|·|·|♙|·|♗|♞|·|  |·|·|·|♞|·|·|·|·|
  -----------------  -----------------
4 |·|♘|·|♟|♙|·|·|·|  |·|♝|·|♟|♙|·|·|·|
  -----------------  -----------------
3 |♞|·|·|·|♟|♝|♞|·|  |·|·|·|·|♟|·|·|·|
  -----------------  -----------------
2 |♟|♟|♟|♝|·|♚|♟|♟|  |♟|♟|♟|·|♝|♟|·|♟|
  -----------------  -----------------
1 |♜|·|·|♛|♗|·|·|♜|  |♜|·|·|♛|♚|·|·|♗|
  -----------------  -----------------
   a b c d e f g h    a b c d e f g h
white A pocket: [♟ ♜ ]
white B pocket: []
black A pocket: []
black B pocket: [♙ ♙ ]


black B played P@g2
  Board A            Board B 
  -----------------  -----------------
8 |♖|·|·|♕|♔|♗|·|♖|  |♖|·|·|♕|♔|·|♖|·|
  -----------------  -----------------
7 |·|♙|♙|·|·|♙|♙|♙|  |·|♙|♙|·|·|♙|♟|·|
  -----------------  -----------------
6 |♙|·|♘|·|·|♘|·|·|  |♙|·|♘|·|·|·|·|♙|
  -----------------  -----------------
5 |·|·|·|♙|·|♗|♞|·|  |·|·|·|♞|·|·|·|·|
  -----------------  -----------------
4 |·|♘|·|♟|♙|·|·|·|  |·|♝|·|♟|♙|·|·|·|
  -----------------  -----------------
3 |♞|·|·|·|♟|♝|♞|·|  |·|·|·|·|♟|·|·|·|
  -----------------  -----------------
2 |♟|♟|♟|♝|·|♚|♟|♟|  |♟|♟|♟|·|♝|♟|♙|♟|
  -----------------  -----------------
1 |♜|·|·|♛|♗|·|·|♜|  |♜|·|·|♛|♚|·|·|♗|
  -----------------  -----------------
   a b c d e f g h    a b c d e f g h
white A pocket: [♟ ♜ ]
white B pocket: []
black A pocket: []
black B pocket: [♙ ]


white A played h1e1
  Board A            Board B 
  -----------------  -----------------
8 |♖|·|·|♕|♔|♗|·|♖|  |♖|·|·|♕|♔|·|♖|·|
  -----------------  -----------------
7 |·|♙|♙|·|·|♙|♙|♙|  |·|♙|♙|·|·|♙|♟|·|
  -----------------  -----------------
6 |♙|·|♘|·|·|♘|·|·|  |♙|·|♘|·|·|·|·|♙|
  -----------------  -----------------
5 |·|·|·|♙|·|♗|♞|·|  |·|·|·|♞|·|·|·|·|
  -----------------  -----------------
4 |·|♘|·|♟|♙|·|·|·|  |·|♝|·|♟|♙|·|·|·|
  -----------------  -----------------
3 |♞|·|·|·|♟|♝|♞|·|  |·|·|·|·|♟|·|·|·|
  -----------------  -----------------
2 |♟|♟|♟|♝|·|♚|♟|♟|  |♟|♟|♟|·|♝|♟|♙|♟|
  -----------------  -----------------
1 |♜|·|·|♛|♜|·|·|·|  |♜|·|·|♛|♚|·|·|♗|
  -----------------  -----------------
   a b c d e f g h    a b c d e f g h
white A pocket: [♟ ♜ ]
white B pocket: []
black A pocket: []
black B pocket: [♙ ♗ ]


white B played d5c7
  Board A            Board B 
  -----------------  -----------------
8 |♖|·|·|♕|♔|♗|·|♖|  |♖|·|·|♕|♔|·|♖|·|
  -----------------  -----------------
7 |·|♙|♙|·|·|♙|♙|♙|  |·|♙|♞|·|·|♙|♟|·|
  -----------------  -----------------
6 |♙|·|♘|·|·|♘|·|·|  |♙|·|♘|·|·|·|·|♙|
  -----------------  -----------------
5 |·|·|·|♙|·|♗|♞|·|  |·|·|·|·|·|·|·|·|
  -----------------  -----------------
4 |·|♘|·|♟|♙|·|·|·|  |·|♝|·|♟|♙|·|·|·|
  -----------------  -----------------
3 |♞|·|·|·|♟|♝|♞|·|  |·|·|·|·|♟|·|·|·|
  -----------------  -----------------
2 |♟|♟|♟|♝|·|♚|♟|♟|  |♟|♟|♟|·|♝|♟|♙|♟|
  -----------------  -----------------
1 |♜|·|·|♛|♜|·|·|·|  |♜|·|·|♛|♚|·|·|♗|
  -----------------  -----------------
   a b c d e f g h    a b c d e f g h
white A pocket: [♟ ♜ ]
white B pocket: []
black A pocket: [♙ ]
black B pocket: [♙ ♗ ]


black A played P@e2
  Board A            Board B 
  -----------------  -----------------
8 |♖|·|·|♕|♔|♗|·|♖|  |♖|·|·|♕|♔|·|♖|·|
  -----------------  -----------------
7 |·|♙|♙|·|·|♙|♙|♙|  |·|♙|♞|·|·|♙|♟|·|
  -----------------  -----------------
6 |♙|·|♘|·|·|♘|·|·|  |♙|·|♘|·|·|·|·|♙|
  -----------------  -----------------
5 |·|·|·|♙|·|♗|♞|·|  |·|·|·|·|·|·|·|·|
  -----------------  -----------------
4 |·|♘|·|♟|♙|·|·|·|  |·|♝|·|♟|♙|·|·|·|
  -----------------  -----------------
3 |♞|·|·|·|♟|♝|♞|·|  |·|·|·|·|♟|·|·|·|
  -----------------  -----------------
2 |♟|♟|♟|♝|♙|♚|♟|♟|  |♟|♟|♟|·|♝|♟|♙|♟|
  -----------------  -----------------
1 |♜|·|·|♛|♜|·|·|·|  |♜|·|·|♛|♚|·|·|♗|
  -----------------  -----------------
   a b c d e f g h    a b c d e f g h
white A pocket: [♟ ♜ ]
white B pocket: []
black A pocket: []
black B pocket: [♙ ♗ ]


black B played d8c7
  Board A            Board B 
  -----------------  -----------------
8 |♖|·|·|♕|♔|♗|·|♖|  |♖|·|·|·|♔|·|♖|·|
  -----------------  -----------------
7 |·|♙|♙|·|·|♙|♙|♙|  |·|♙|♕|·|·|♙|♟|·|
  -----------------  -----------------
6 |♙|·|♘|·|·|♘|·|·|  |♙|·|♘|·|·|·|·|♙|
  -----------------  -----------------
5 |·|·|·|♙|·|♗|♞|·|  |·|·|·|·|·|·|·|·|
  -----------------  -----------------
4 |·|♘|·|♟|♙|·|·|·|  |·|♝|·|♟|♙|·|·|·|
  -----------------  -----------------
3 |♞|·|·|·|♟|♝|♞|·|  |·|·|·|·|♟|·|·|·|
  -----------------  -----------------
2 |♟|♟|♟|♝|♙|♚|♟|♟|  |♟|♟|♟|·|♝|♟|♙|♟|
  -----------------  -----------------
1 |♜|·|·|♛|♜|·|·|·|  |♜|·|·|♛|♚|·|·|♗|
  -----------------  -----------------
   a b c d e f g h    a b c d e f g h
white A pocket: [♞ ♟ ♜ ]
white B pocket: []
black A pocket: []
black B pocket: [♙ ♗ ]


white A played f3e2
  Board A            Board B 
  -----------------  -----------------
8 |♖|·|·|♕|♔|♗|·|♖|  |♖|·|·|·|♔|·|♖|·|
  -----------------  -----------------
7 |·|♙|♙|·|·|♙|♙|♙|  |·|♙|♕|·|·|♙|♟|·|
  -----------------  -----------------
6 |♙|·|♘|·|·|♘|·|·|  |♙|·|♘|·|·|·|·|♙|
  -----------------  -----------------
5 |·|·|·|♙|·|♗|♞|·|  |·|·|·|·|·|·|·|·|
  -----------------  -----------------
4 |·|♘|·|♟|♙|·|·|·|  |·|♝|·|♟|♙|·|·|·|
  -----------------  -----------------
3 |♞|·|·|·|♟|·|♞|·|  |·|·|·|·|♟|·|·|·|
  -----------------  -----------------
2 |♟|♟|♟|♝|♝|♚|♟|♟|  |♟|♟|♟|·|♝|♟|♙|♟|
  -----------------  -----------------
1 |♜|·|·|♛|♜|·|·|·|  |♜|·|·|♛|♚|·|·|♗|
  -----------------  -----------------
   a b c d e f g h    a b c d e f g h
white A pocket: [♞ ♟ ♜ ]
white B pocket: []
black A pocket: []
black B pocket: [♙ ♙ ♗ ]


white B played d4d5
  Board A            Board B 
  -----------------  -----------------
8 |♖|·|·|♕|♔|♗|·|♖|  |♖|·|·|·|♔|·|♖|·|
  -----------------  -----------------
7 |·|♙|♙|·|·|♙|♙|♙|  |·|♙|♕|·|·|♙|♟|·|
  -----------------  -----------------
6 |♙|·|♘|·|·|♘|·|·|  |♙|·|♘|·|·|·|·|♙|
  -----------------  -----------------
5 |·|·|·|♙|·|♗|♞|·|  |·|·|·|♟|·|·|·|·|
  -----------------  -----------------
4 |·|♘|·|♟|♙|·|·|·|  |·|♝|·|·|♙|·|·|·|
  -----------------  -----------------
3 |♞|·|·|·|♟|·|♞|·|  |·|·|·|·|♟|·|·|·|
  -----------------  -----------------
2 |♟|♟|♟|♝|♝|♚|♟|♟|  |♟|♟|♟|·|♝|♟|♙|♟|
  -----------------  -----------------
1 |♜|·|·|♛|♜|·|·|·|  |♜|·|·|♛|♚|·|·|♗|
  -----------------  -----------------
   a b c d e f g h    a b c d e f g h
white A pocket: [♞ ♟ ♜ ]
white B pocket: []
black A pocket: []
black B pocket: [♙ ♙ ♗ ]


black A played f6g4
  Board A            Board B 
  -----------------  -----------------
8 |♖|·|·|♕|♔|♗|·|♖|  |♖|·|·|·|♔|·|♖|·|
  -----------------  -----------------
7 |·|♙|♙|·|·|♙|♙|♙|  |·|♙|♕|·|·|♙|♟|·|
  -----------------  -----------------
6 |♙|·|♘|·|·|·|·|·|  |♙|·|♘|·|·|·|·|♙|
  -----------------  -----------------
5 |·|·|·|♙|·|♗|♞|·|  |·|·|·|♟|·|·|·|·|
  -----------------  -----------------
4 |·|♘|·|♟|♙|·|♘|·|  |·|♝|·|·|♙|·|·|·|
  -----------------  -----------------
3 |♞|·|·|·|♟|·|♞|·|  |·|·|·|·|♟|·|·|·|
  -----------------  -----------------
2 |♟|♟|♟|♝|♝|♚|♟|♟|  |♟|♟|♟|·|♝|♟|♙|♟|
  -----------------  -----------------
1 |♜|·|·|♛|♜|·|·|·|  |♜|·|·|♛|♚|·|·|♗|
  -----------------  -----------------
   a b c d e f g h    a b c d e f g h
white A pocket: [♞ ♟ ♜ ]
white B pocket: []
black A pocket: []
black B pocket: [♙ ♙ ♗ ]


black B played g2g1q
  Board A            Board B 
  -----------------  -----------------
8 |♖|·|·|♕|♔|♗|·|♖|  |♖|·|·|·|♔|·|♖|·|
  -----------------  -----------------
7 |·|♙|♙|·|·|♙|♙|♙|  |·|♙|♕|·|·|♙|♟|·|
  -----------------  -----------------
6 |♙|·|♘|·|·|·|·|·|  |♙|·|♘|·|·|·|·|♙|
  -----------------  -----------------
5 |·|·|·|♙|·|♗|♞|·|  |·|·|·|♟|·|·|·|·|
  -----------------  -----------------
4 |·|♘|·|♟|♙|·|♘|·|  |·|♝|·|·|♙|·|·|·|
  -----------------  -----------------
3 |♞|·|·|·|♟|·|♞|·|  |·|·|·|·|♟|·|·|·|
  -----------------  -----------------
2 |♟|♟|♟|♝|♝|♚|♟|♟|  |♟|♟|♟|·|♝|♟|·|♟|
  -----------------  -----------------
1 |♜|·|·|♛|♜|·|·|·|  |♜|·|·|♛|♚|·|♕|♗|
  -----------------  -----------------
   a b c d e f g h    a b c d e f g h
white A pocket: [♞ ♟ ♜ ]
white B pocket: []
black A pocket: []
black B pocket: [♙ ♙ ♗ ]


white A played e2g4
  Board A            Board B 
  -----------------  -----------------
8 |♖|·|·|♕|♔|♗|·|♖|  |♖|·|·|·|♔|·|♖|·|
  -----------------  -----------------
7 |·|♙|♙|·|·|♙|♙|♙|  |·|♙|♕|·|·|♙|♟|·|
  -----------------  -----------------
6 |♙|·|♘|·|·|·|·|·|  |♙|·|♘|·|·|·|·|♙|
  -----------------  -----------------
5 |·|·|·|♙|·|♗|♞|·|  |·|·|·|♟|·|·|·|·|
  -----------------  -----------------
4 |·|♘|·|♟|♙|·|♝|·|  |·|♝|·|·|♙|·|·|·|
  -----------------  -----------------
3 |♞|·|·|·|♟|·|♞|·|  |·|·|·|·|♟|·|·|·|
  -----------------  -----------------
2 |♟|♟|♟|♝|·|♚|♟|♟|  |♟|♟|♟|·|♝|♟|·|♟|
  -----------------  -----------------
1 |♜|·|·|♛|♜|·|·|·|  |♜|·|·|♛|♚|·|♕|♗|
  -----------------  -----------------
   a b c d e f g h    a b c d e f g h
white A pocket: [♞ ♟ ♜ ]
white B pocket: []
black A pocket: []
black B pocket: [♙ ♙ ♗ ♘ ]


white B played e1d2
  Board A            Board B 
  -----------------  -----------------
8 |♖|·|·|♕|♔|♗|·|♖|  |♖|·|·|·|♔|·|♖|·|
  -----------------  -----------------
7 |·|♙|♙|·|·|♙|♙|♙|  |·|♙|♕|·|·|♙|♟|·|
  -----------------  -----------------
6 |♙|·|♘|·|·|·|·|·|  |♙|·|♘|·|·|·|·|♙|
  -----------------  -----------------
5 |·|·|·|♙|·|♗|♞|·|  |·|·|·|♟|·|·|·|·|
  -----------------  -----------------
4 |·|♘|·|♟|♙|·|♝|·|  |·|♝|·|·|♙|·|·|·|
  -----------------  -----------------
3 |♞|·|·|·|♟|·|♞|·|  |·|·|·|·|♟|·|·|·|
  -----------------  -----------------
2 |♟|♟|♟|♝|·|♚|♟|♟|  |♟|♟|♟|♚|♝|♟|·|♟|
  -----------------  -----------------
1 |♜|·|·|♛|♜|·|·|·|  |♜|·|·|♛|·|·|♕|♗|
  -----------------  -----------------
   a b c d e f g h    a b c d e f g h
white A pocket: [♞ ♟ ♜ ]
white B pocket: []
black A pocket: []
black B pocket: [♙ ♙ ♗ ♘ ]


black A played b4d3
  Board A            Board B 
  -----------------  -----------------
8 |♖|·|·|♕|♔|♗|·|♖|  |♖|·|·|·|♔|·|♖|·|
  -----------------  -----------------
7 |·|♙|♙|·|·|♙|♙|♙|  |·|♙|♕|·|·|♙|♟|·|
  -----------------  -----------------
6 |♙|·|♘|·|·|·|·|·|  |♙|·|♘|·|·|·|·|♙|
  -----------------  -----------------
5 |·|·|·|♙|·|♗|♞|·|  |·|·|·|♟|·|·|·|·|
  -----------------  -----------------
4 |·|·|·|♟|♙|·|♝|·|  |·|♝|·|·|♙|·|·|·|
  -----------------  -----------------
3 |♞|·|·|♘|♟|·|♞|·|  |·|·|·|·|♟|·|·|·|
  -----------------  -----------------
2 |♟|♟|♟|♝|·|♚|♟|♟|  |♟|♟|♟|♚|♝|♟|·|♟|
  -----------------  -----------------
1 |♜|·|·|♛|♜|·|·|·|  |♜|·|·|♛|·|·|♕|♗|
  -----------------  -----------------
   a b c d e f g h    a b c d e f g h
white A pocket: [♞ ♟ ♜ ]
white B pocket: []
black A pocket: []
black B pocket: [♙ ♙ ♗ ♘ ]


black B played N@c4
  Board A            Board B 
  -----------------  -----------------
8 |♖|·|·|♕|♔|♗|·|♖|  |♖|·|·|·|♔|·|♖|·|
  -----------------  -----------------
7 |·|♙|♙|·|·|♙|♙|♙|  |·|♙|♕|·|·|♙|♟|·|
  -----------------  -----------------
6 |♙|·|♘|·|·|·|·|·|  |♙|·|♘|·|·|·|·|♙|
  -----------------  -----------------
5 |·|·|·|♙|·|♗|♞|·|  |·|·|·|♟|·|·|·|·|
  -----------------  -----------------
4 |·|·|·|♟|♙|·|♝|·|  |·|♝|♘|·|♙|·|·|·|
  -----------------  -----------------
3 |♞|·|·|♘|♟|·|♞|·|  |·|·|·|·|♟|·|·|·|
  -----------------  -----------------
2 |♟|♟|♟|♝|·|♚|♟|♟|  |♟|♟|♟|♚|♝|♟|·|♟|
  -----------------  -----------------
1 |♜|·|·|♛|♜|·|·|·|  |♜|·|·|♛|·|·|♕|♗|
  -----------------  -----------------
   a b c d e f g h    a b c d e f g h
white A pocket: [♞ ♟ ♜ ]
white B pocket: []
black A pocket: []
black B pocket: [♙ ♙ ♗ ]


white A played c2d3
  Board A            Board B 
  -----------------  -----------------
8 |♖|·|·|♕|♔|♗|·|♖|  |♖|·|·|·|♔|·|♖|·|
  -----------------  -----------------
7 |·|♙|♙|·|·|♙|♙|♙|  |·|♙|♕|·|·|♙|♟|·|
  -----------------  -----------------
6 |♙|·|♘|·|·|·|·|·|  |♙|·|♘|·|·|·|·|♙|
  -----------------  -----------------
5 |·|·|·|♙|·|♗|♞|·|  |·|·|·|♟|·|·|·|·|
  -----------------  -----------------
4 |·|·|·|♟|♙|·|♝|·|  |·|♝|♘|·|♙|·|·|·|
  -----------------  -----------------
3 |♞|·|·|♟|♟|·|♞|·|  |·|·|·|·|♟|·|·|·|
  -----------------  -----------------
2 |♟|♟|·|♝|·|♚|♟|♟|  |♟|♟|♟|♚|♝|♟|·|♟|
  -----------------  -----------------
1 |♜|·|·|♛|♜|·|·|·|  |♜|·|·|♛|·|·|♕|♗|
  -----------------  -----------------
   a b c d e f g h    a b c d e f g h
white A pocket: [♞ ♟ ♜ ]
white B pocket: []
black A pocket: []
black B pocket: [♙ ♙ ♗ ♘ ]


white B played e2c4
  Board A            Board B 
  -----------------  -----------------
8 |♖|·|·|♕|♔|♗|·|♖|  |♖|·|·|·|♔|·|♖|·|
  -----------------  -----------------
7 |·|♙|♙|·|·|♙|♙|♙|  |·|♙|♕|·|·|♙|♟|·|
  -----------------  -----------------
6 |♙|·|♘|·|·|·|·|·|  |♙|·|♘|·|·|·|·|♙|
  -----------------  -----------------
5 |·|·|·|♙|·|♗|♞|·|  |·|·|·|♟|·|·|·|·|
  -----------------  -----------------
4 |·|·|·|♟|♙|·|♝|·|  |·|♝|♝|·|♙|·|·|·|
  -----------------  -----------------
3 |♞|·|·|♟|♟|·|♞|·|  |·|·|·|·|♟|·|·|·|
  -----------------  -----------------
2 |♟|♟|·|♝|·|♚|♟|♟|  |♟|♟|♟|♚|·|♟|·|♟|
  -----------------  -----------------
1 |♜|·|·|♛|♜|·|·|·|  |♜|·|·|♛|·|·|♕|♗|
  -----------------  -----------------
   a b c d e f g h    a b c d e f g h
white A pocket: [♞ ♟ ♜ ]
white B pocket: []
black A pocket: [♘ ]
black B pocket: [♙ ♙ ♗ ♘ ]


black A played N@h3
  Board A            Board B 
  -----------------  -----------------
8 |♖|·|·|♕|♔|♗|·|♖|  |♖|·|·|·|♔|·|♖|·|
  -----------------  -----------------
7 |·|♙|♙|·|·|♙|♙|♙|  |·|♙|♕|·|·|♙|♟|·|
  -----------------  -----------------
6 |♙|·|♘|·|·|·|·|·|  |♙|·|♘|·|·|·|·|♙|
  -----------------  -----------------
5 |·|·|·|♙|·|♗|♞|·|  |·|·|·|♟|·|·|·|·|
  -----------------  -----------------
4 |·|·|·|♟|♙|·|♝|·|  |·|♝|♝|·|♙|·|·|·|
  -----------------  -----------------
3 |♞|·|·|♟|♟|·|♞|♘|  |·|·|·|·|♟|·|·|·|
  -----------------  -----------------
2 |♟|♟|·|♝|·|♚|♟|♟|  |♟|♟|♟|♚|·|♟|·|♟|
  -----------------  -----------------
1 |♜|·|·|♛|♜|·|·|·|  |♜|·|·|♛|·|·|♕|♗|
  -----------------  -----------------
   a b c d e f g h    a b c d e f g h
white A pocket: [♞ ♟ ♜ ]
white B pocket: []
black A pocket: []
black B pocket: [♙ ♙ ♗ ♘ ]


black B played B@e1
  Board A            Board B 
  -----------------  -----------------
8 |♖|·|·|♕|♔|♗|·|♖|  |♖|·|·|·|♔|·|♖|·|
  -----------------  -----------------
7 |·|♙|♙|·|·|♙|♙|♙|  |·|♙|♕|·|·|♙|♟|·|
  -----------------  -----------------
6 |♙|·|♘|·|·|·|·|·|  |♙|·|♘|·|·|·|·|♙|
  -----------------  -----------------
5 |·|·|·|♙|·|♗|♞|·|  |·|·|·|♟|·|·|·|·|
  -----------------  -----------------
4 |·|·|·|♟|♙|·|♝|·|  |·|♝|♝|·|♙|·|·|·|
  -----------------  -----------------
3 |♞|·|·|♟|♟|·|♞|♘|  |·|·|·|·|♟|·|·|·|
  -----------------  -----------------
2 |♟|♟|·|♝|·|♚|♟|♟|  |♟|♟|♟|♚|·|♟|·|♟|
  -----------------  -----------------
1 |♜|·|·|♛|♜|·|·|·|  |♜|·|·|♛|♗|·|♕|♗|
  -----------------  -----------------
   a b c d e f g h    a b c d e f g h
white A pocket: [♞ ♟ ♜ ]
white B pocket: []
black A pocket: []
black B pocket: [♙ ♙ ♘ ]


white A played g2h3
  Board A            Board B 
  -----------------  -----------------
8 |♖|·|·|♕|♔|♗|·|♖|  |♖|·|·|·|♔|·|♖|·|
  -----------------  -----------------
7 |·|♙|♙|·|·|♙|♙|♙|  |·|♙|♕|·|·|♙|♟|·|
  -----------------  -----------------
6 |♙|·|♘|·|·|·|·|·|  |♙|·|♘|·|·|·|·|♙|
  -----------------  -----------------
5 |·|·|·|♙|·|♗|♞|·|  |·|·|·|♟|·|·|·|·|
  -----------------  -----------------
4 |·|·|·|♟|♙|·|♝|·|  |·|♝|♝|·|♙|·|·|·|
  -----------------  -----------------
3 |♞|·|·|♟|♟|·|♞|♟|  |·|·|·|·|♟|·|·|·|
  -----------------  -----------------
2 |♟|♟|·|♝|·|♚|·|♟|  |♟|♟|♟|♚|·|♟|·|♟|
  -----------------  -----------------
1 |♜|·|·|♛|♜|·|·|·|  |♜|·|·|♛|♗|·|♕|♗|
  -----------------  -----------------
   a b c d e f g h    a b c d e f g h
white A pocket: [♞ ♟ ♜ ]
white B pocket: []
black A pocket: []
black B pocket: [♙ ♙ ♘ ♘ ]


white B played d2c1
  Board A            Board B 
  -----------------  -----------------
8 |♖|·|·|♕|♔|♗|·|♖|  |♖|·|·|·|♔|·|♖|·|
  -----------------  -----------------
7 |·|♙|♙|·|·|♙|♙|♙|  |·|♙|♕|·|·|♙|♟|·|
  -----------------  -----------------
6 |♙|·|♘|·|·|·|·|·|  |♙|·|♘|·|·|·|·|♙|
  -----------------  -----------------
5 |·|·|·|♙|·|♗|♞|·|  |·|·|·|♟|·|·|·|·|
  -----------------  -----------------
4 |·|·|·|♟|♙|·|♝|·|  |·|♝|♝|·|♙|·|·|·|
  -----------------  -----------------
3 |♞|·|·|♟|♟|·|♞|♟|  |·|·|·|·|♟|·|·|·|
  -----------------  -----------------
2 |♟|♟|·|♝|·|♚|·|♟|  |♟|♟|♟|·|·|♟|·|♟|
  -----------------  -----------------
1 |♜|·|·|♛|♜|·|·|·|  |♜|·|♚|♛|♗|·|♕|♗|
  -----------------  -----------------
   a b c d e f g h    a b c d e f g h
white A pocket: [♞ ♟ ♜ ]
white B pocket: []
black A pocket: []
black B pocket: [♙ ♙ ♘ ♘ ]


black A played f8a3
  Board A            Board B 
  -----------------  -----------------
8 |♖|·|·|♕|♔|·|·|♖|  |♖|·|·|·|♔|·|♖|·|
  -----------------  -----------------
7 |·|♙|♙|·|·|♙|♙|♙|  |·|♙|♕|·|·|♙|♟|·|
  -----------------  -----------------
6 |♙|·|♘|·|·|·|·|·|  |♙|·|♘|·|·|·|·|♙|
  -----------------  -----------------
5 |·|·|·|♙|·|♗|♞|·|  |·|·|·|♟|·|·|·|·|
  -----------------  -----------------
4 |·|·|·|♟|♙|·|♝|·|  |·|♝|♝|·|♙|·|·|·|
  -----------------  -----------------
3 |♗|·|·|♟|♟|·|♞|♟|  |·|·|·|·|♟|·|·|·|
  -----------------  -----------------
2 |♟|♟|·|♝|·|♚|·|♟|  |♟|♟|♟|·|·|♟|·|♟|
  -----------------  -----------------
1 |♜|·|·|♛|♜|·|·|·|  |♜|·|♚|♛|♗|·|♕|♗|
  -----------------  -----------------
   a b c d e f g h    a b c d e f g h
white A pocket: [♞ ♟ ♜ ]
white B pocket: [♞ ]
black A pocket: []
black B pocket: [♙ ♙ ♘ ♘ ]


black B played e1d2
  Board A            Board B 
  -----------------  -----------------
8 |♖|·|·|♕|♔|·|·|♖|  |♖|·|·|·|♔|·|♖|·|
  -----------------  -----------------
7 |·|♙|♙|·|·|♙|♙|♙|  |·|♙|♕|·|·|♙|♟|·|
  -----------------  -----------------
6 |♙|·|♘|·|·|·|·|·|  |♙|·|♘|·|·|·|·|♙|
  -----------------  -----------------
5 |·|·|·|♙|·|♗|♞|·|  |·|·|·|♟|·|·|·|·|
  -----------------  -----------------
4 |·|·|·|♟|♙|·|♝|·|  |·|♝|♝|·|♙|·|·|·|
  -----------------  -----------------
3 |♗|·|·|♟|♟|·|♞|♟|  |·|·|·|·|♟|·|·|·|
  -----------------  -----------------
2 |♟|♟|·|♝|·|♚|·|♟|  |♟|♟|♟|♗|·|♟|·|♟|
  -----------------  -----------------
1 |♜|·|·|♛|♜|·|·|·|  |♜|·|♚|♛|·|·|♕|♗|
  -----------------  -----------------
   a b c d e f g h    a b c d e f g h
white A pocket: [♞ ♟ ♜ ]
white B pocket: [♞ ]
black A pocket: []
black B pocket: [♙ ♙ ♘ ♘ ]


white A played g4f5
  Board A            Board B 
  -----------------  -----------------
8 |♖|·|·|♕|♔|·|·|♖|  |♖|·|·|·|♔|·|♖|·|
  -----------------  -----------------
7 |·|♙|♙|·|·|♙|♙|♙|  |·|♙|♕|·|·|♙|♟|·|
  -----------------  -----------------
6 |♙|·|♘|·|·|·|·|·|  |♙|·|♘|·|·|·|·|♙|
  -----------------  -----------------
5 |·|·|·|♙|·|♝|♞|·|  |·|·|·|♟|·|·|·|·|
  -----------------  -----------------
4 |·|·|·|♟|♙|·|·|·|  |·|♝|♝|·|♙|·|·|·|
  -----------------  -----------------
3 |♗|·|·|♟|♟|·|♞|♟|  |·|·|·|·|♟|·|·|·|
  -----------------  -----------------
2 |♟|♟|·|♝|·|♚|·|♟|  |♟|♟|♟|♗|·|♟|·|♟|
  -----------------  -----------------
1 |♜|·|·|♛|♜|·|·|·|  |♜|·|♚|♛|·|·|♕|♗|
  -----------------  -----------------
   a b c d e f g h    a b c d e f g h
white A pocket: [♞ ♟ ♜ ]
white B pocket: [♞ ]
black A pocket: []
black B pocket: [♙ ♙ ♗ ♘ ♘ ]


white B played b4d2
  Board A            Board B 
  -----------------  -----------------
8 |♖|·|·|♕|♔|·|·|♖|  |♖|·|·|·|♔|·|♖|·|
  -----------------  -----------------
7 |·|♙|♙|·|·|♙|♙|♙|  |·|♙|♕|·|·|♙|♟|·|
  -----------------  -----------------
6 |♙|·|♘|·|·|·|·|·|  |♙|·|♘|·|·|·|·|♙|
  -----------------  -----------------
5 |·|·|·|♙|·|♝|♞|·|  |·|·|·|♟|·|·|·|·|
  -----------------  -----------------
4 |·|·|·|♟|♙|·|·|·|  |·|·|♝|·|♙|·|·|·|
  -----------------  -----------------
3 |♗|·|·|♟|♟|·|♞|♟|  |·|·|·|·|♟|·|·|·|
  -----------------  -----------------
2 |♟|♟|·|♝|·|♚|·|♟|  |♟|♟|♟|♝|·|♟|·|♟|
  -----------------  -----------------
1 |♜|·|·|♛|♜|·|·|·|  |♜|·|♚|♛|·|·|♕|♗|
  -----------------  -----------------
   a b c d e f g h    a b c d e f g h
white A pocket: [♞ ♟ ♜ ]
white B pocket: [♞ ]
black A pocket: [♗ ]
black B pocket: [♙ ♙ ♗ ♘ ♘ ]


black A played B@g4
  Board A            Board B 
  -----------------  -----------------
8 |♖|·|·|♕|♔|·|·|♖|  |♖|·|·|·|♔|·|♖|·|
  -----------------  -----------------
7 |·|♙|♙|·|·|♙|♙|♙|  |·|♙|♕|·|·|♙|♟|·|
  -----------------  -----------------
6 |♙|·|♘|·|·|·|·|·|  |♙|·|♘|·|·|·|·|♙|
  -----------------  -----------------
5 |·|·|·|♙|·|♝|♞|·|  |·|·|·|♟|·|·|·|·|
  -----------------  -----------------
4 |·|·|·|♟|♙|·|♗|·|  |·|·|♝|·|♙|·|·|·|
  -----------------  -----------------
3 |♗|·|·|♟|♟|·|♞|♟|  |·|·|·|·|♟|·|·|·|
  -----------------  -----------------
2 |♟|♟|·|♝|·|♚|·|♟|  |♟|♟|♟|♝|·|♟|·|♟|
  -----------------  -----------------
1 |♜|·|·|♛|♜|·|·|·|  |♜|·|♚|♛|·|·|♕|♗|
  -----------------  -----------------
   a b c d e f g h    a b c d e f g h
white A pocket: [♞ ♟ ♜ ]
white B pocket: [♞ ]
black A pocket: []
black B pocket: [♙ ♙ ♗ ♘ ♘ ]


black B played N@d3
  Board A            Board B 
  -----------------  -----------------
8 |♖|·|·|♕|♔|·|·|♖|  |♖|·|·|·|♔|·|♖|·|
  -----------------  -----------------
7 |·|♙|♙|·|·|♙|♙|♙|  |·|♙|♕|·|·|♙|♟|·|
  -----------------  -----------------
6 |♙|·|♘|·|·|·|·|·|  |♙|·|♘|·|·|·|·|♙|
  -----------------  -----------------
5 |·|·|·|♙|·|♝|♞|·|  |·|·|·|♟|·|·|·|·|
  -----------------  -----------------
4 |·|·|·|♟|♙|·|♗|·|  |·|·|♝|·|♙|·|·|·|
  -----------------  -----------------
3 |♗|·|·|♟|♟|·|♞|♟|  |·|·|·|♘|♟|·|·|·|
  -----------------  -----------------
2 |♟|♟|·|♝|·|♚|·|♟|  |♟|♟|♟|♝|·|♟|·|♟|
  -----------------  -----------------
1 |♜|·|·|♛|♜|·|·|·|  |♜|·|♚|♛|·|·|♕|♗|
  -----------------  -----------------
   a b c d e f g h    a b c d e f g h
white A pocket: [♞ ♟ ♜ ]
white B pocket: [♞ ]
black A pocket: []
black B pocket: [♙ ♙ ♗ ♘ ]


white A played P@d7
  Board A            Board B 
  -----------------  -----------------
8 |♖|·|·|♕|♔|·|·|♖|  |♖|·|·|·|♔|·|♖|·|
  -----------------  -----------------
7 |·|♙|♙|♟|·|♙|♙|♙|  |·|♙|♕|·|·|♙|♟|·|
  -----------------  -----------------
6 |♙|·|♘|·|·|·|·|·|  |♙|·|♘|·|·|·|·|♙|
  -----------------  -----------------
5 |·|·|·|♙|·|♝|♞|·|  |·|·|·|♟|·|·|·|·|
  -----------------  -----------------
4 |·|·|·|♟|♙|·|♗|·|  |·|·|♝|·|♙|·|·|·|
  -----------------  -----------------
3 |♗|·|·|♟|♟|·|♞|♟|  |·|·|·|♘|♟|·|·|·|
  -----------------  -----------------
2 |♟|♟|·|♝|·|♚|·|♟|  |♟|♟|♟|♝|·|♟|·|♟|
  -----------------  -----------------
1 |♜|·|·|♛|♜|·|·|·|  |♜|·|♚|♛|·|·|♕|♗|
  -----------------  -----------------
   a b c d e f g h    a b c d e f g h
white A pocket: [♞ ♜ ]
white B pocket: [♞ ]
black A pocket: []
black B pocket: [♙ ♙ ♗ ♘ ]


white B played c4d3
  Board A            Board B 
  -----------------  -----------------
8 |♖|·|·|♕|♔|·|·|♖|  |♖|·|·|·|♔|·|♖|·|
  -----------------  -----------------
7 |·|♙|♙|♟|·|♙|♙|♙|  |·|♙|♕|·|·|♙|♟|·|
  -----------------  -----------------
6 |♙|·|♘|·|·|·|·|·|  |♙|·|♘|·|·|·|·|♙|
  -----------------  -----------------
5 |·|·|·|♙|·|♝|♞|·|  |·|·|·|♟|·|·|·|·|
  -----------------  -----------------
4 |·|·|·|♟|♙|·|♗|·|  |·|·|·|·|♙|·|·|·|
  -----------------  -----------------
3 |♗|·|·|♟|♟|·|♞|♟|  |·|·|·|♝|♟|·|·|·|
  -----------------  -----------------
2 |♟|♟|·|♝|·|♚|·|♟|  |♟|♟|♟|♝|·|♟|·|♟|
  -----------------  -----------------
1 |♜|·|·|♛|♜|·|·|·|  |♜|·|♚|♛|·|·|♕|♗|
  -----------------  -----------------
   a b c d e f g h    a b c d e f g h
white A pocket: [♞ ♜ ]
white B pocket: [♞ ]
black A pocket: [♘ ]
black B pocket: [♙ ♙ ♗ ♘ ]


black A played d8d7
  Board A            Board B 
  -----------------  -----------------
8 |♖|·|·|·|♔|·|·|♖|  |♖|·|·|·|♔|·|♖|·|
  -----------------  -----------------
7 |·|♙|♙|♕|·|♙|♙|♙|  |·|♙|♕|·|·|♙|♟|·|
  -----------------  -----------------
6 |♙|·|♘|·|·|·|·|·|  |♙|·|♘|·|·|·|·|♙|
  -----------------  -----------------
5 |·|·|·|♙|·|♝|♞|·|  |·|·|·|♟|·|·|·|·|
  -----------------  -----------------
4 |·|·|·|♟|♙|·|♗|·|  |·|·|·|·|♙|·|·|·|
  -----------------  -----------------
3 |♗|·|·|♟|♟|·|♞|♟|  |·|·|·|♝|♟|·|·|·|
  -----------------  -----------------
2 |♟|♟|·|♝|·|♚|·|♟|  |♟|♟|♟|♝|·|♟|·|♟|
  -----------------  -----------------
1 |♜|·|·|♛|♜|·|·|·|  |♜|·|♚|♛|·|·|♕|♗|
  -----------------  -----------------
   a b c d e f g h    a b c d e f g h
white A pocket: [♞ ♜ ]
white B pocket: [♟ ♞ ]
black A pocket: [♘ ]
black B pocket: [♙ ♙ ♗ ♘ ]


black B played g1d1
  Board A            Board B 
  -----------------  -----------------
8 |♖|·|·|·|♔|·|·|♖|  |♖|·|·|·|♔|·|♖|·|
  -----------------  -----------------
7 |·|♙|♙|♕|·|♙|♙|♙|  |·|♙|♕|·|·|♙|♟|·|
  -----------------  -----------------
6 |♙|·|♘|·|·|·|·|·|  |♙|·|♘|·|·|·|·|♙|
  -----------------  -----------------
5 |·|·|·|♙|·|♝|♞|·|  |·|·|·|♟|·|·|·|·|
  -----------------  -----------------
4 |·|·|·|♟|♙|·|♗|·|  |·|·|·|·|♙|·|·|·|
  -----------------  -----------------
3 |♗|·|·|♟|♟|·|♞|♟|  |·|·|·|♝|♟|·|·|·|
  -----------------  -----------------
2 |♟|♟|·|♝|·|♚|·|♟|  |♟|♟|♟|♝|·|♟|·|♟|
  -----------------  -----------------
1 |♜|·|·|♛|♜|·|·|·|  |♜|·|♚|♕|·|·|·|♗|
  -----------------  -----------------
   a b c d e f g h    a b c d e f g h
white A pocket: [♞ ♜ ♛ ]
white B pocket: [♟ ♞ ]
black A pocket: [♘ ]
black B pocket: [♙ ♙ ♗ ♘ ]


white A played f5d7
  Board A            Board B 
  -----------------  -----------------
8 |♖|·|·|·|♔|·|·|♖|  |♖|·|·|·|♔|·|♖|·|
  -----------------  -----------------
7 |·|♙|♙|♝|·|♙|♙|♙|  |·|♙|♕|·|·|♙|♟|·|
  -----------------  -----------------
6 |♙|·|♘|·|·|·|·|·|  |♙|·|♘|·|·|·|·|♙|
  -----------------  -----------------
5 |·|·|·|♙|·|·|♞|·|  |·|·|·|♟|·|·|·|·|
  -----------------  -----------------
4 |·|·|·|♟|♙|·|♗|·|  |·|·|·|·|♙|·|·|·|
  -----------------  -----------------
3 |♗|·|·|♟|♟|·|♞|♟|  |·|·|·|♝|♟|·|·|·|
  -----------------  -----------------
2 |♟|♟|·|♝|·|♚|·|♟|  |♟|♟|♟|♝|·|♟|·|♟|
  -----------------  -----------------
1 |♜|·|·|♛|♜|·|·|·|  |♜|·|♚|♕|·|·|·|♗|
  -----------------  -----------------
   a b c d e f g h    a b c d e f g h
white A pocket: [♞ ♜ ♛ ]
white B pocket: [♟ ♞ ]
black A pocket: [♘ ]
black B pocket: [♙ ♙ ♗ ♘ ♕ ]


white B played c1d1
  Board A            Board B 
  -----------------  -----------------
8 |♖|·|·|·|♔|·|·|♖|  |♖|·|·|·|♔|·|♖|·|
  -----------------  -----------------
7 |·|♙|♙|♝|·|♙|♙|♙|  |·|♙|♕|·|·|♙|♟|·|
  -----------------  -----------------
6 |♙|·|♘|·|·|·|·|·|  |♙|·|♘|·|·|·|·|♙|
  -----------------  -----------------
5 |·|·|·|♙|·|·|♞|·|  |·|·|·|♟|·|·|·|·|
  -----------------  -----------------
4 |·|·|·|♟|♙|·|♗|·|  |·|·|·|·|♙|·|·|·|
  -----------------  -----------------
3 |♗|·|·|♟|♟|·|♞|♟|  |·|·|·|♝|♟|·|·|·|
  -----------------  -----------------
2 |♟|♟|·|♝|·|♚|·|♟|  |♟|♟|♟|♝|·|♟|·|♟|
  -----------------  -----------------
1 |♜|·|·|♛|♜|·|·|·|  |♜|·|·|♚|·|·|·|♗|
  -----------------  -----------------
   a b c d e f g h    a b c d e f g h
white A pocket: [♞ ♜ ♛ ]
white B pocket: [♟ ♞ ]
black A pocket: [♘ ♙ ]
black B pocket: [♙ ♙ ♗ ♘ ♕ ]


black A played e8d7
  Board A            Board B 
  -----------------  -----------------
8 |♖|·|·|·|·|·|·|♖|  |♖|·|·|·|♔|·|♖|·|
  -----------------  -----------------
7 |·|♙|♙|♔|·|♙|♙|♙|  |·|♙|♕|·|·|♙|♟|·|
  -----------------  -----------------
6 |♙|·|♘|·|·|·|·|·|  |♙|·|♘|·|·|·|·|♙|
  -----------------  -----------------
5 |·|·|·|♙|·|·|♞|·|  |·|·|·|♟|·|·|·|·|
  -----------------  -----------------
4 |·|·|·|♟|♙|·|♗|·|  |·|·|·|·|♙|·|·|·|
  -----------------  -----------------
3 |♗|·|·|♟|♟|·|♞|♟|  |·|·|·|♝|♟|·|·|·|
  -----------------  -----------------
2 |♟|♟|·|♝|·|♚|·|♟|  |♟|♟|♟|♝|·|♟|·|♟|
  -----------------  -----------------
1 |♜|·|·|♛|♜|·|·|·|  |♜|·|·|♚|·|·|·|♗|
  -----------------  -----------------
   a b c d e f g h    a b c d e f g h
white A pocket: [♞ ♜ ♛ ]
white B pocket: [♟ ♞ ♝ ]
black A pocket: [♘ ♙ ]
black B pocket: [♙ ♙ ♗ ♘ ♕ ]


black B played Q@g1
  Board A            Board B 
  -----------------  -----------------
8 |♖|·|·|·|·|·|·|♖|  |♖|·|·|·|♔|·|♖|·|
  -----------------  -----------------
7 |·|♙|♙|♔|·|♙|♙|♙|  |·|♙|♕|·|·|♙|♟|·|
  -----------------  -----------------
6 |♙|·|♘|·|·|·|·|·|  |♙|·|♘|·|·|·|·|♙|
  -----------------  -----------------
5 |·|·|·|♙|·|·|♞|·|  |·|·|·|♟|·|·|·|·|
  -----------------  -----------------
4 |·|·|·|♟|♙|·|♗|·|  |·|·|·|·|♙|·|·|·|
  -----------------  -----------------
3 |♗|·|·|♟|♟|·|♞|♟|  |·|·|·|♝|♟|·|·|·|
  -----------------  -----------------
2 |♟|♟|·|♝|·|♚|·|♟|  |♟|♟|♟|♝|·|♟|·|♟|
  -----------------  -----------------
1 |♜|·|·|♛|♜|·|·|·|  |♜|·|·|♚|·|·|♕|♗|
  -----------------  -----------------
   a b c d e f g h    a b c d e f g h
white A pocket: [♞ ♜ ♛ ]
white B pocket: [♟ ♞ ♝ ]
black A pocket: [♘ ♙ ]
black B pocket: [♙ ♙ ♗ ♘ ]


white A played h3g4
  Board A            Board B 
  -----------------  -----------------
8 |♖|·|·|·|·|·|·|♖|  |♖|·|·|·|♔|·|♖|·|
  -----------------  -----------------
7 |·|♙|♙|♔|·|♙|♙|♙|  |·|♙|♕|·|·|♙|♟|·|
  -----------------  -----------------
6 |♙|·|♘|·|·|·|·|·|  |♙|·|♘|·|·|·|·|♙|
  -----------------  -----------------
5 |·|·|·|♙|·|·|♞|·|  |·|·|·|♟|·|·|·|·|
  -----------------  -----------------
4 |·|·|·|♟|♙|·|♟|·|  |·|·|·|·|♙|·|·|·|
  -----------------  -----------------
3 |♗|·|·|♟|♟|·|♞|·|  |·|·|·|♝|♟|·|·|·|
  -----------------  -----------------
2 |♟|♟|·|♝|·|♚|·|♟|  |♟|♟|♟|♝|·|♟|·|♟|
  -----------------  -----------------
1 |♜|·|·|♛|♜|·|·|·|  |♜|·|·|♚|·|·|♕|♗|
  -----------------  -----------------
   a b c d e f g h    a b c d e f g h
white A pocket: [♞ ♜ ♛ ]
white B pocket: [♟ ♞ ♝ ]
black A pocket: [♘ ♙ ]
black B pocket: [♙ ♙ ♗ ♗ ♘ ]


white B played B@e1
  Board A            Board B 
  -----------------  -----------------
8 |♖|·|·|·|·|·|·|♖|  |♖|·|·|·|♔|·|♖|·|
  -----------------  -----------------
7 |·|♙|♙|♔|·|♙|♙|♙|  |·|♙|♕|·|·|♙|♟|·|
  -----------------  -----------------
6 |♙|·|♘|·|·|·|·|·|  |♙|·|♘|·|·|·|·|♙|
  -----------------  -----------------
5 |·|·|·|♙|·|·|♞|·|  |·|·|·|♟|·|·|·|·|
  -----------------  -----------------
4 |·|·|·|♟|♙|·|♟|·|  |·|·|·|·|♙|·|·|·|
  -----------------  -----------------
3 |♗|·|·|♟|♟|·|♞|·|  |·|·|·|♝|♟|·|·|·|
  -----------------  -----------------
2 |♟|♟|·|♝|·|♚|·|♟|  |♟|♟|♟|♝|·|♟|·|♟|
  -----------------  -----------------
1 |♜|·|·|♛|♜|·|·|·|  |♜|·|·|♚|♝|·|♕|♗|
  -----------------  -----------------
   a b c d e f g h    a b c d e f g h
white A pocket: [♞ ♜ ♛ ]
white B pocket: [♟ ♞ ]
black A pocket: [♘ ♙ ]
black B pocket: [♙ ♙ ♗ ♗ ♘ ]


black A played N@h3
  Board A            Board B 
  -----------------  -----------------
8 |♖|·|·|·|·|·|·|♖|  |♖|·|·|·|♔|·|♖|·|
  -----------------  -----------------
7 |·|♙|♙|♔|·|♙|♙|♙|  |·|♙|♕|·|·|♙|♟|·|
  -----------------  -----------------
6 |♙|·|♘|·|·|·|·|·|  |♙|·|♘|·|·|·|·|♙|
  -----------------  -----------------
5 |·|·|·|♙|·|·|♞|·|  |·|·|·|♟|·|·|·|·|
  -----------------  -----------------
4 |·|·|·|♟|♙|·|♟|·|  |·|·|·|·|♙|·|·|·|
  -----------------  -----------------
3 |♗|·|·|♟|♟|·|♞|♘|  |·|·|·|♝|♟|·|·|·|
  -----------------  -----------------
2 |♟|♟|·|♝|·|♚|·|♟|  |♟|♟|♟|♝|·|♟|·|♟|
  -----------------  -----------------
1 |♜|·|·|♛|♜|·|·|·|  |♜|·|·|♚|♝|·|♕|♗|
  -----------------  -----------------
   a b c d e f g h    a b c d e f g h
white A pocket: [♞ ♜ ♛ ]
white B pocket: [♟ ♞ ]
black A pocket: [♙ ]
black B pocket: [♙ ♙ ♗ ♗ ♘ ]


black B played B@g4
  Board A            Board B 
  -----------------  -----------------
8 |♖|·|·|·|·|·|·|♖|  |♖|·|·|·|♔|·|♖|·|
  -----------------  -----------------
7 |·|♙|♙|♔|·|♙|♙|♙|  |·|♙|♕|·|·|♙|♟|·|
  -----------------  -----------------
6 |♙|·|♘|·|·|·|·|·|  |♙|·|♘|·|·|·|·|♙|
  -----------------  -----------------
5 |·|·|·|♙|·|·|♞|·|  |·|·|·|♟|·|·|·|·|
  -----------------  -----------------
4 |·|·|·|♟|♙|·|♟|·|  |·|·|·|·|♙|·|♗|·|
  -----------------  -----------------
3 |♗|·|·|♟|♟|·|♞|♘|  |·|·|·|♝|♟|·|·|·|
  -----------------  -----------------
2 |♟|♟|·|♝|·|♚|·|♟|  |♟|♟|♟|♝|·|♟|·|♟|
  -----------------  -----------------
1 |♜|·|·|♛|♜|·|·|·|  |♜|·|·|♚|♝|·|♕|♗|
  -----------------  -----------------
   a b c d e f g h    a b c d e f g h
white A pocket: [♞ ♜ ♛ ]
white B pocket: [♟ ♞ ]
black A pocket: [♙ ]
black B pocket: [♙ ♙ ♗ ♘ ]


white A played g5h3
  Board A            Board B 
  -----------------  -----------------
8 |♖|·|·|·|·|·|·|♖|  |♖|·|·|·|♔|·|♖|·|
  -----------------  -----------------
7 |·|♙|♙|♔|·|♙|♙|♙|  |·|♙|♕|·|·|♙|♟|·|
  -----------------  -----------------
6 |♙|·|♘|·|·|·|·|·|  |♙|·|♘|·|·|·|·|♙|
  -----------------  -----------------
5 |·|·|·|♙|·|·|·|·|  |·|·|·|♟|·|·|·|·|
  -----------------  -----------------
4 |·|·|·|♟|♙|·|♟|·|  |·|·|·|·|♙|·|♗|·|
  -----------------  -----------------
3 |♗|·|·|♟|♟|·|♞|♞|  |·|·|·|♝|♟|·|·|·|
  -----------------  -----------------
2 |♟|♟|·|♝|·|♚|·|♟|  |♟|♟|♟|♝|·|♟|·|♟|
  -----------------  -----------------
1 |♜|·|·|♛|♜|·|·|·|  |♜|·|·|♚|♝|·|♕|♗|
  -----------------  -----------------
   a b c d e f g h    a b c d e f g h
white A pocket: [♞ ♜ ♛ ]
white B pocket: [♟ ♞ ]
black A pocket: [♙ ]
black B pocket: [♙ ♙ ♗ ♘ ♘ ]


white B played N@e2
  Board A            Board B 
  -----------------  -----------------
8 |♖|·|·|·|·|·|·|♖|  |♖|·|·|·|♔|·|♖|·|
  -----------------  -----------------
7 |·|♙|♙|♔|·|♙|♙|♙|  |·|♙|♕|·|·|♙|♟|·|
  -----------------  -----------------
6 |♙|·|♘|·|·|·|·|·|  |♙|·|♘|·|·|·|·|♙|
  -----------------  -----------------
5 |·|·|·|♙|·|·|·|·|  |·|·|·|♟|·|·|·|·|
  -----------------  -----------------
4 |·|·|·|♟|♙|·|♟|·|  |·|·|·|·|♙|·|♗|·|
  -----------------  -----------------
3 |♗|·|·|♟|♟|·|♞|♞|  |·|·|·|♝|♟|·|·|·|
  -----------------  -----------------
2 |♟|♟|·|♝|·|♚|·|♟|  |♟|♟|♟|♝|♞|♟|·|♟|
  -----------------  -----------------
1 |♜|·|·|♛|♜|·|·|·|  |♜|·|·|♚|♝|·|♕|♗|
  -----------------  -----------------
   a b c d e f g h    a b c d e f g h
white A pocket: [♞ ♜ ♛ ]
white B pocket: [♟ ]
black A pocket: [♙ ]
black B pocket: [♙ ♙ ♗ ♘ ♘ ]


black A played P@f5
  Board A            Board B 
  -----------------  -----------------
8 |♖|·|·|·|·|·|·|♖|  |♖|·|·|·|♔|·|♖|·|
  -----------------  -----------------
7 |·|♙|♙|♔|·|♙|♙|♙|  |·|♙|♕|·|·|♙|♟|·|
  -----------------  -----------------
6 |♙|·|♘|·|·|·|·|·|  |♙|·|♘|·|·|·|·|♙|
  -----------------  -----------------
5 |·|·|·|♙|·|♙|·|·|  |·|·|·|♟|·|·|·|·|
  -----------------  -----------------
4 |·|·|·|♟|♙|·|♟|·|  |·|·|·|·|♙|·|♗|·|
  -----------------  -----------------
3 |♗|·|·|♟|♟|·|♞|♞|  |·|·|·|♝|♟|·|·|·|
  -----------------  -----------------
2 |♟|♟|·|♝|·|♚|·|♟|  |♟|♟|♟|♝|♞|♟|·|♟|
  -----------------  -----------------
1 |♜|·|·|♛|♜|·|·|·|  |♜|·|·|♚|♝|·|♕|♗|
  -----------------  -----------------
   a b c d e f g h    a b c d e f g h
white A pocket: [♞ ♜ ♛ ]
white B pocket: [♟ ]
black A pocket: []
black B pocket: [♙ ♙ ♗ ♘ ♘ ]


black B played e4d3
  Board A            Board B 
  -----------------  -----------------
8 |♖|·|·|·|·|·|·|♖|  |♖|·|·|·|♔|·|♖|·|
  -----------------  -----------------
7 |·|♙|♙|♔|·|♙|♙|♙|  |·|♙|♕|·|·|♙|♟|·|
  -----------------  -----------------
6 |♙|·|♘|·|·|·|·|·|  |♙|·|♘|·|·|·|·|♙|
  -----------------  -----------------
5 |·|·|·|♙|·|♙|·|·|  |·|·|·|♟|·|·|·|·|
  -----------------  -----------------
4 |·|·|·|♟|♙|·|♟|·|  |·|·|·|·|·|·|♗|·|
  -----------------  -----------------
3 |♗|·|·|♟|♟|·|♞|♞|  |·|·|·|♙|♟|·|·|·|
  -----------------  -----------------
2 |♟|♟|·|♝|·|♚|·|♟|  |♟|♟|♟|♝|♞|♟|·|♟|
  -----------------  -----------------
1 |♜|·|·|♛|♜|·|·|·|  |♜|·|·|♚|♝|·|♕|♗|
  -----------------  -----------------
   a b c d e f g h    a b c d e f g h
white A pocket: [♞ ♜ ♛ ♝ ]
white B pocket: [♟ ]
black A pocket: []
black B pocket: [♙ ♙ ♗ ♘ ♘ ]


white A played b2a3
  Board A            Board B 
  -----------------  -----------------
8 |♖|·|·|·|·|·|·|♖|  |♖|·|·|·|♔|·|♖|·|
  -----------------  -----------------
7 |·|♙|♙|♔|·|♙|♙|♙|  |·|♙|♕|·|·|♙|♟|·|
  -----------------  -----------------
6 |♙|·|♘|·|·|·|·|·|  |♙|·|♘|·|·|·|·|♙|
  -----------------  -----------------
5 |·|·|·|♙|·|♙|·|·|  |·|·|·|♟|·|·|·|·|
  -----------------  -----------------
4 |·|·|·|♟|♙|·|♟|·|  |·|·|·|·|·|·|♗|·|
  -----------------  -----------------
3 |♟|·|·|♟|♟|·|♞|♞|  |·|·|·|♙|♟|·|·|·|
  -----------------  -----------------
2 |♟|·|·|♝|·|♚|·|♟|  |♟|♟|♟|♝|♞|♟|·|♟|
  -----------------  -----------------
1 |♜|·|·|♛|♜|·|·|·|  |♜|·|·|♚|♝|·|♕|♗|
  -----------------  -----------------
   a b c d e f g h    a b c d e f g h
white A pocket: [♞ ♜ ♛ ♝ ]
white B pocket: [♟ ]
black A pocket: []
black B pocket: [♙ ♙ ♗ ♗ ♘ ♘ ]


white B played P@d7
  Board A            Board B 
  -----------------  -----------------
8 |♖|·|·|·|·|·|·|♖|  |♖|·|·|·|♔|·|♖|·|
  -----------------  -----------------
7 |·|♙|♙|♔|·|♙|♙|♙|  |·|♙|♕|♟|·|♙|♟|·|
  -----------------  -----------------
6 |♙|·|♘|·|·|·|·|·|  |♙|·|♘|·|·|·|·|♙|
  -----------------  -----------------
5 |·|·|·|♙|·|♙|·|·|  |·|·|·|♟|·|·|·|·|
  -----------------  -----------------
4 |·|·|·|♟|♙|·|♟|·|  |·|·|·|·|·|·|♗|·|
  -----------------  -----------------
3 |♟|·|·|♟|♟|·|♞|♞|  |·|·|·|♙|♟|·|·|·|
  -----------------  -----------------
2 |♟|·|·|♝|·|♚|·|♟|  |♟|♟|♟|♝|♞|♟|·|♟|
  -----------------  -----------------
1 |♜|·|·|♛|♜|·|·|·|  |♜|·|·|♚|♝|·|♕|♗|
  -----------------  -----------------
   a b c d e f g h    a b c d e f g h
white A pocket: [♞ ♜ ♛ ♝ ]
white B pocket: []
black A pocket: []
black B pocket: [♙ ♙ ♗ ♗ ♘ ♘ ]


black A played e4d3
  Board A            Board B 
  -----------------  -----------------
8 |♖|·|·|·|·|·|·|♖|  |♖|·|·|·|♔|·|♖|·|
  -----------------  -----------------
7 |·|♙|♙|♔|·|♙|♙|♙|  |·|♙|♕|♟|·|♙|♟|·|
  -----------------  -----------------
6 |♙|·|♘|·|·|·|·|·|  |♙|·|♘|·|·|·|·|♙|
  -----------------  -----------------
5 |·|·|·|♙|·|♙|·|·|  |·|·|·|♟|·|·|·|·|
  -----------------  -----------------
4 |·|·|·|♟|·|·|♟|·|  |·|·|·|·|·|·|♗|·|
  -----------------  -----------------
3 |♟|·|·|♙|♟|·|♞|♞|  |·|·|·|♙|♟|·|·|·|
  -----------------  -----------------
2 |♟|·|·|♝|·|♚|·|♟|  |♟|♟|♟|♝|♞|♟|·|♟|
  -----------------  -----------------
1 |♜|·|·|♛|♜|·|·|·|  |♜|·|·|♚|♝|·|♕|♗|
  -----------------  -----------------
   a b c d e f g h    a b c d e f g h
white A pocket: [♞ ♜ ♛ ♝ ]
white B pocket: [♟ ]
black A pocket: []
black B pocket: [♙ ♙ ♗ ♗ ♘ ♘ ]


black B played c7d7
  Board A            Board B 
  -----------------  -----------------
8 |♖|·|·|·|·|·|·|♖|  |♖|·|·|·|♔|·|♖|·|
  -----------------  -----------------
7 |·|♙|♙|♔|·|♙|♙|♙|  |·|♙|·|♕|·|♙|♟|·|
  -----------------  -----------------
6 |♙|·|♘|·|·|·|·|·|  |♙|·|♘|·|·|·|·|♙|
  -----------------  -----------------
5 |·|·|·|♙|·|♙|·|·|  |·|·|·|♟|·|·|·|·|
  -----------------  -----------------
4 |·|·|·|♟|·|·|♟|·|  |·|·|·|·|·|·|♗|·|
  -----------------  -----------------
3 |♟|·|·|♙|♟|·|♞|♞|  |·|·|·|♙|♟|·|·|·|
  -----------------  -----------------
2 |♟|·|·|♝|·|♚|·|♟|  |♟|♟|♟|♝|♞|♟|·|♟|
  -----------------  -----------------
1 |♜|·|·|♛|♜|·|·|·|  |♜|·|·|♚|♝|·|♕|♗|
  -----------------  -----------------
   a b c d e f g h    a b c d e f g h
white A pocket: [♞ ♟ ♜ ♛ ♝ ]
white B pocket: [♟ ]
black A pocket: []
black B pocket: [♙ ♙ ♗ ♗ ♘ ♘ ]


white A played N@c5
  Board A            Board B 
  -----------------  -----------------
8 |♖|·|·|·|·|·|·|♖|  |♖|·|·|·|♔|·|♖|·|
  -----------------  -----------------
7 |·|♙|♙|♔|·|♙|♙|♙|  |·|♙|·|♕|·|♙|♟|·|
  -----------------  -----------------
6 |♙|·|♘|·|·|·|·|·|  |♙|·|♘|·|·|·|·|♙|
  -----------------  -----------------
5 |·|·|♞|♙|·|♙|·|·|  |·|·|·|♟|·|·|·|·|
  -----------------  -----------------
4 |·|·|·|♟|·|·|♟|·|  |·|·|·|·|·|·|♗|·|
  -----------------  -----------------
3 |♟|·|·|♙|♟|·|♞|♞|  |·|·|·|♙|♟|·|·|·|
  -----------------  -----------------
2 |♟|·|·|♝|·|♚|·|♟|  |♟|♟|♟|♝|♞|♟|·|♟|
  -----------------  -----------------
1 |♜|·|·|♛|♜|·|·|·|  |♜|·|·|♚|♝|·|♕|♗|
  -----------------  -----------------
   a b c d e f g h    a b c d e f g h
white A pocket: [♟ ♜ ♛ ♝ ]
white B pocket: [♟ ]
black A pocket: []
black B pocket: [♙ ♙ ♗ ♗ ♘ ♘ ]


white B played d5c6
  Board A            Board B 
  -----------------  -----------------
8 |♖|·|·|·|·|·|·|♖|  |♖|·|·|·|♔|·|♖|·|
  -----------------  -----------------
7 |·|♙|♙|♔|·|♙|♙|♙|  |·|♙|·|♕|·|♙|♟|·|
  -----------------  -----------------
6 |♙|·|♘|·|·|·|·|·|  |♙|·|♟|·|·|·|·|♙|
  -----------------  -----------------
5 |·|·|♞|♙|·|♙|·|·|  |·|·|·|·|·|·|·|·|
  -----------------  -----------------
4 |·|·|·|♟|·|·|♟|·|  |·|·|·|·|·|·|♗|·|
  -----------------  -----------------
3 |♟|·|·|♙|♟|·|♞|♞|  |·|·|·|♙|♟|·|·|·|
  -----------------  -----------------
2 |♟|·|·|♝|·|♚|·|♟|  |♟|♟|♟|♝|♞|♟|·|♟|
  -----------------  -----------------
1 |♜|·|·|♛|♜|·|·|·|  |♜|·|·|♚|♝|·|♕|♗|
  -----------------  -----------------
   a b c d e f g h    a b c d e f g h
white A pocket: [♟ ♜ ♛ ♝ ]
white B pocket: [♟ ]
black A pocket: [♘ ]
black B pocket: [♙ ♙ ♗ ♗ ♘ ♘ ]


black A played d7c8
  Board A            Board B 
  -----------------  -----------------
8 |♖|·|♔|·|·|·|·|♖|  |♖|·|·|·|♔|·|♖|·|
  -----------------  -----------------
7 |·|♙|♙|·|·|♙|♙|♙|  |·|♙|·|♕|·|♙|♟|·|
  -----------------  -----------------
6 |♙|·|♘|·|·|·|·|·|  |♙|·|♟|·|·|·|·|♙|
  -----------------  -----------------
5 |·|·|♞|♙|·|♙|·|·|  |·|·|·|·|·|·|·|·|
  -----------------  -----------------
4 |·|·|·|♟|·|·|♟|·|  |·|·|·|·|·|·|♗|·|
  -----------------  -----------------
3 |♟|·|·|♙|♟|·|♞|♞|  |·|·|·|♙|♟|·|·|·|
  -----------------  -----------------
2 |♟|·|·|♝|·|♚|·|♟|  |♟|♟|♟|♝|♞|♟|·|♟|
  -----------------  -----------------
1 |♜|·|·|♛|♜|·|·|·|  |♜|·|·|♚|♝|·|♕|♗|
  -----------------  -----------------
   a b c d e f g h    a b c d e f g h
white A pocket: [♟ ♜ ♛ ♝ ]
white B pocket: [♟ ]
black A pocket: [♘ ]
black B pocket: [♙ ♙ ♗ ♗ ♘ ♘ ]


black B played d3e2
  Board A            Board B 
  -----------------  -----------------
8 |♖|·|♔|·|·|·|·|♖|  |♖|·|·|·|♔|·|♖|·|
  -----------------  -----------------
7 |·|♙|♙|·|·|♙|♙|♙|  |·|♙|·|♕|·|♙|♟|·|
  -----------------  -----------------
6 |♙|·|♘|·|·|·|·|·|  |♙|·|♟|·|·|·|·|♙|
  -----------------  -----------------
5 |·|·|♞|♙|·|♙|·|·|  |·|·|·|·|·|·|·|·|
  -----------------  -----------------
4 |·|·|·|♟|·|·|♟|·|  |·|·|·|·|·|·|♗|·|
  -----------------  -----------------
3 |♟|·|·|♙|♟|·|♞|♞|  |·|·|·|·|♟|·|·|·|
  -----------------  -----------------
2 |♟|·|·|♝|·|♚|·|♟|  |♟|♟|♟|♝|♙|♟|·|♟|
  -----------------  -----------------
1 |♜|·|·|♛|♜|·|·|·|  |♜|·|·|♚|♝|·|♕|♗|
  -----------------  -----------------
   a b c d e f g h    a b c d e f g h
white A pocket: [♞ ♟ ♜ ♛ ♝ ]
white B pocket: [♟ ]
black A pocket: [♘ ]
black B pocket: [♙ ♙ ♗ ♗ ♘ ♘ ]


white A played P@d7
  Board A            Board B 
  -----------------  -----------------
8 |♖|·|♔|·|·|·|·|♖|  |♖|·|·|·|♔|·|♖|·|
  -----------------  -----------------
7 |·|♙|♙|♟|·|♙|♙|♙|  |·|♙|·|♕|·|♙|♟|·|
  -----------------  -----------------
6 |♙|·|♘|·|·|·|·|·|  |♙|·|♟|·|·|·|·|♙|
  -----------------  -----------------
5 |·|·|♞|♙|·|♙|·|·|  |·|·|·|·|·|·|·|·|
  -----------------  -----------------
4 |·|·|·|♟|·|·|♟|·|  |·|·|·|·|·|·|♗|·|
  -----------------  -----------------
3 |♟|·|·|♙|♟|·|♞|♞|  |·|·|·|·|♟|·|·|·|
  -----------------  -----------------
2 |♟|·|·|♝|·|♚|·|♟|  |♟|♟|♟|♝|♙|♟|·|♟|
  -----------------  -----------------
1 |♜|·|·|♛|♜|·|·|·|  |♜|·|·|♚|♝|·|♕|♗|
  -----------------  -----------------
   a b c d e f g h    a b c d e f g h
white A pocket: [♞ ♜ ♛ ♝ ]
white B pocket: [♟ ]
black A pocket: [♘ ]
black B pocket: [♙ ♙ ♗ ♗ ♘ ♘ ]


white B played d1c1
  Board A            Board B 
  -----------------  -----------------
8 |♖|·|♔|·|·|·|·|♖|  |♖|·|·|·|♔|·|♖|·|
  -----------------  -----------------
7 |·|♙|♙|♟|·|♙|♙|♙|  |·|♙|·|♕|·|♙|♟|·|
  -----------------  -----------------
6 |♙|·|♘|·|·|·|·|·|  |♙|·|♟|·|·|·|·|♙|
  -----------------  -----------------
5 |·|·|♞|♙|·|♙|·|·|  |·|·|·|·|·|·|·|·|
  -----------------  -----------------
4 |·|·|·|♟|·|·|♟|·|  |·|·|·|·|·|·|♗|·|
  -----------------  -----------------
3 |♟|·|·|♙|♟|·|♞|♞|  |·|·|·|·|♟|·|·|·|
  -----------------  -----------------
2 |♟|·|·|♝|·|♚|·|♟|  |♟|♟|♟|♝|♙|♟|·|♟|
  -----------------  -----------------
1 |♜|·|·|♛|♜|·|·|·|  |♜|·|♚|·|♝|·|♕|♗|
  -----------------  -----------------
   a b c d e f g h    a b c d e f g h
white A pocket: [♞ ♜ ♛ ♝ ]
white B pocket: [♟ ]
black A pocket: [♘ ]
black B pocket: [♙ ♙ ♗ ♗ ♘ ♘ ]


black A played c8b8
  Board A            Board B 
  -----------------  -----------------
8 |♖|♔|·|·|·|·|·|♖|  |♖|·|·|·|♔|·|♖|·|
  -----------------  -----------------
7 |·|♙|♙|♟|·|♙|♙|♙|  |·|♙|·|♕|·|♙|♟|·|
  -----------------  -----------------
6 |♙|·|♘|·|·|·|·|·|  |♙|·|♟|·|·|·|·|♙|
  -----------------  -----------------
5 |·|·|♞|♙|·|♙|·|·|  |·|·|·|·|·|·|·|·|
  -----------------  -----------------
4 |·|·|·|♟|·|·|♟|·|  |·|·|·|·|·|·|♗|·|
  -----------------  -----------------
3 |♟|·|·|♙|♟|·|♞|♞|  |·|·|·|·|♟|·|·|·|
  -----------------  -----------------
2 |♟|·|·|♝|·|♚|·|♟|  |♟|♟|♟|♝|♙|♟|·|♟|
  -----------------  -----------------
1 |♜|·|·|♛|♜|·|·|·|  |♜|·|♚|·|♝|·|♕|♗|
  -----------------  -----------------
   a b c d e f g h    a b c d e f g h
white A pocket: [♞ ♜ ♛ ♝ ]
white B pocket: [♟ ]
black A pocket: [♘ ]
black B pocket: [♙ ♙ ♗ ♗ ♘ ♘ ]


black B played g1e1
  Board A            Board B 
  -----------------  -----------------
8 |♖|♔|·|·|·|·|·|♖|  |♖|·|·|·|♔|·|♖|·|
  -----------------  -----------------
7 |·|♙|♙|♟|·|♙|♙|♙|  |·|♙|·|♕|·|♙|♟|·|
  -----------------  -----------------
6 |♙|·|♘|·|·|·|·|·|  |♙|·|♟|·|·|·|·|♙|
  -----------------  -----------------
5 |·|·|♞|♙|·|♙|·|·|  |·|·|·|·|·|·|·|·|
  -----------------  -----------------
4 |·|·|·|♟|·|·|♟|·|  |·|·|·|·|·|·|♗|·|
  -----------------  -----------------
3 |♟|·|·|♙|♟|·|♞|♞|  |·|·|·|·|♟|·|·|·|
  -----------------  -----------------
2 |♟|·|·|♝|·|♚|·|♟|  |♟|♟|♟|♝|♙|♟|·|♟|
  -----------------  -----------------
1 |♜|·|·|♛|♜|·|·|·|  |♜|·|♚|·|♕|·|·|♗|
  -----------------  -----------------
   a b c d e f g h    a b c d e f g h
white A pocket: [♞ ♜ ♛ ♝ ♝ ]
white B pocket: [♟ ]
black A pocket: [♘ ]
black B pocket: [♙ ♙ ♗ ♗ ♘ ♘ ]


white A played R@e8
  Board A            Board B 
  -----------------  -----------------
8 |♖|♔|·|·|♜|·|·|♖|  |♖|·|·|·|♔|·|♖|·|
  -----------------  -----------------
7 |·|♙|♙|♟|·|♙|♙|♙|  |·|♙|·|♕|·|♙|♟|·|
  -----------------  -----------------
6 |♙|·|♘|·|·|·|·|·|  |♙|·|♟|·|·|·|·|♙|
  -----------------  -----------------
5 |·|·|♞|♙|·|♙|·|·|  |·|·|·|·|·|·|·|·|
  -----------------  -----------------
4 |·|·|·|♟|·|·|♟|·|  |·|·|·|·|·|·|♗|·|
  -----------------  -----------------
3 |♟|·|·|♙|♟|·|♞|♞|  |·|·|·|·|♟|·|·|·|
  -----------------  -----------------
2 |♟|·|·|♝|·|♚|·|♟|  |♟|♟|♟|♝|♙|♟|·|♟|
  -----------------  -----------------
1 |♜|·|·|♛|♜|·|·|·|  |♜|·|♚|·|♕|·|·|♗|
  -----------------  -----------------
   a b c d e f g h    a b c d e f g h
white A pocket: [♞ ♛ ♝ ♝ ]
white B pocket: [♟ ]
black A pocket: [♘ ]
black B pocket: [♙ ♙ ♗ ♗ ♘ ♘ ]


white B played d2e1
  Board A            Board B 
  -----------------  -----------------
8 |♖|♔|·|·|♜|·|·|♖|  |♖|·|·|·|♔|·|♖|·|
  -----------------  -----------------
7 |·|♙|♙|♟|·|♙|♙|♙|  |·|♙|·|♕|·|♙|♟|·|
  -----------------  -----------------
6 |♙|·|♘|·|·|·|·|·|  |♙|·|♟|·|·|·|·|♙|
  -----------------  -----------------
5 |·|·|♞|♙|·|♙|·|·|  |·|·|·|·|·|·|·|·|
  -----------------  -----------------
4 |·|·|·|♟|·|·|♟|·|  |·|·|·|·|·|·|♗|·|
  -----------------  -----------------
3 |♟|·|·|♙|♟|·|♞|♞|  |·|·|·|·|♟|·|·|·|
  -----------------  -----------------
2 |♟|·|·|♝|·|♚|·|♟|  |♟|♟|♟|·|♙|♟|·|♟|
  -----------------  -----------------
1 |♜|·|·|♛|♜|·|·|·|  |♜|·|♚|·|♝|·|·|♗|
  -----------------  -----------------
   a b c d e f g h    a b c d e f g h
white A pocket: [♞ ♛ ♝ ♝ ]
white B pocket: [♟ ]
black A pocket: [♘ ♕ ]
black B pocket: [♙ ♙ ♗ ♗ ♘ ♘ ]


black A played Q@d8
  Board A            Board B 
  -----------------  -----------------
8 |♖|♔|·|♕|♜|·|·|♖|  |♖|·|·|·|♔|·|♖|·|
  -----------------  -----------------
7 |·|♙|♙|♟|·|♙|♙|♙|  |·|♙|·|♕|·|♙|♟|·|
  -----------------  -----------------
6 |♙|·|♘|·|·|·|·|·|  |♙|·|♟|·|·|·|·|♙|
  -----------------  -----------------
5 |·|·|♞|♙|·|♙|·|·|  |·|·|·|·|·|·|·|·|
  -----------------  -----------------
4 |·|·|·|♟|·|·|♟|·|  |·|·|·|·|·|·|♗|·|
  -----------------  -----------------
3 |♟|·|·|♙|♟|·|♞|♞|  |·|·|·|·|♟|·|·|·|
  -----------------  -----------------
2 |♟|·|·|♝|·|♚|·|♟|  |♟|♟|♟|·|♙|♟|·|♟|
  -----------------  -----------------
1 |♜|·|·|♛|♜|·|·|·|  |♜|·|♚|·|♝|·|·|♗|
  -----------------  -----------------
   a b c d e f g h    a b c d e f g h
white A pocket: [♞ ♛ ♝ ♝ ]
white B pocket: [♟ ]
black A pocket: [♘ ]
black B pocket: [♙ ♙ ♗ ♗ ♘ ♘ ]


black B played d7d1
  Board A            Board B 
  -----------------  -----------------
8 |♖|♔|·|♕|♜|·|·|♖|  |♖|·|·|·|♔|·|♖|·|
  -----------------  -----------------
7 |·|♙|♙|♟|·|♙|♙|♙|  |·|♙|·|·|·|♙|♟|·|
  -----------------  -----------------
6 |♙|·|♘|·|·|·|·|·|  |♙|·|♟|·|·|·|·|♙|
  -----------------  -----------------
5 |·|·|♞|♙|·|♙|·|·|  |·|·|·|·|·|·|·|·|
  -----------------  -----------------
4 |·|·|·|♟|·|·|♟|·|  |·|·|·|·|·|·|♗|·|
  -----------------  -----------------
3 |♟|·|·|♙|♟|·|♞|♞|  |·|·|·|·|♟|·|·|·|
  -----------------  -----------------
2 |♟|·|·|♝|·|♚|·|♟|  |♟|♟|♟|·|♙|♟|·|♟|
  -----------------  -----------------
1 |♜|·|·|♛|♜|·|·|·|  |♜|·|♚|♕|♝|·|·|♗|
  -----------------  -----------------
   a b c d e f g h    a b c d e f g h
white A pocket: [♞ ♛ ♝ ♝ ]
white B pocket: [♟ ]
black A pocket: [♘ ]
black B pocket: [♙ ♙ ♗ ♗ ♘ ♘ ]


Game over! A status:False, B status:stalemate/checkmate
  Board A            Board B 
  -----------------  -----------------
8 |♖|♔|·|♕|♜|·|·|♖|  |♖|·|·|·|♔|·|♖|·|
  -----------------  -----------------
7 |·|♙|♙|♟|·|♙|♙|♙|  |·|♙|·|·|·|♙|♟|·|
  -----------------  -----------------
6 |♙|·|♘|·|·|·|·|·|  |♙|·|♟|·|·|·|·|♙|
  -----------------  -----------------
5 |·|·|♞|♙|·|♙|·|·|  |·|·|·|·|·|·|·|·|
  -----------------  -----------------
4 |·|·|·|♟|·|·|♟|·|  |·|·|·|·|·|·|♗|·|
  -----------------  -----------------
3 |♟|·|·|♙|♟|·|♞|♞|  |·|·|·|·|♟|·|·|·|
  -----------------  -----------------
2 |♟|·|·|♝|·|♚|·|♟|  |♟|♟|♟|·|♙|♟|·|♟|
  -----------------  -----------------
1 |♜|·|·|♛|♜|·|·|·|  |♜|·|♚|♕|♝|·|·|♗|
  -----------------  -----------------
   a b c d e f g h    a b c d e f g h

